2018-11-21 08:29:38,720 INFO o.j.r.PluginManagerCMD: Command is: install-for-jmx
2018-11-21 08:29:43,824 INFO o.j.r.JARSourceHTTP: Found cached repo
2018-11-21 08:29:43,969 INFO o.j.r.PluginManager: Plugins Status: [jpgc-functions=2.1, jpgc-casutg=2.5, jpgc-dummy=0.2, jpgc-ffw=2.0, jpgc-fifo=0.2, jpgc-json=2.6, jpgc-prmctl=0.4, jpgc-perfmon=2.1, jpgc-plugins-manager=1.3, jpgc-tst=2.5, jmeter-core=4.0, jmeter-ftp=4.0, jmeter-http=4.0, jmeter-jdbc=4.0, jmeter-jms=4.0, jmeter-junit=4.0, jmeter-java=4.0, jmeter-ldap=4.0, jmeter-mail=4.0, jmeter-mongodb=4.0, jmeter-native=4.0, jmeter-tcp=4.0, jmeter-components=4.0]
2018-11-21 08:29:43,970 INFO o.j.r.PluginManagerCMD: Params line is: /Users/rocellajimenez/Desktop/poc_v2/2018-11-21_08-29-21.827917/modified_requests.jmx
2018-11-21 08:29:44,161 INFO o.a.j.s.SaveService: Testplan (JMX) version: 2.2. Testlog (JTL) version: 2.2
2018-11-21 08:29:44,174 INFO o.a.j.s.SaveService: Using SaveService properties file encoding UTF-8
2018-11-21 08:29:44,177 INFO o.a.j.s.SaveService: Using SaveService properties version 4.0
2018-11-21 08:29:44,208 INFO o.a.j.p.h.c.CacheManager: Will only cache the following methods: [GET]
2018-11-21 08:29:44,211 INFO o.a.j.p.h.c.CookieManager: Settings: Delete null: true Check: true Allow variable: true Save: false Prefix: COOKIE_
2018-11-21 08:29:44,213 WARN o.a.j.u.JMeterUtils: ERROR! Resource string not found: [option]
2018-11-21 08:29:44,213 WARN o.a.j.u.JMeterUtils: ERROR! Resource string not found: [add]
2018-11-21 08:29:44,213 WARN o.a.j.u.JMeterUtils: ERROR! Resource string not found: [add_host]
2018-11-21 08:29:44,214 WARN o.a.j.u.JMeterUtils: ERROR! Resource string not found: [delete]
2018-11-21 08:29:44,214 WARN o.a.j.u.JMeterUtils: ERROR! Resource string not found: [delete_host]
2018-11-21 08:29:44,214 WARN o.a.j.u.JMeterUtils: ERROR! Resource string not found: [use_system_dns_resolver]
2018-11-21 08:29:44,214 WARN o.a.j.u.JMeterUtils: ERROR! Resource string not found: [use_custom_dns_resolver]
2018-11-21 08:29:44,214 WARN o.a.j.u.JMeterUtils: ERROR! Resource string not found: [dns_hostname_or_ip]
2018-11-21 08:29:44,214 WARN o.a.j.u.JMeterUtils: ERROR! Resource string not found: [dns_host]
2018-11-21 08:29:44,214 WARN o.a.j.u.JMeterUtils: ERROR! Resource string not found: [dns_hostname_or_ip]
2018-11-21 08:29:44,247 INFO o.a.j.p.h.s.HTTPSamplerBase: Parser for text/html is org.apache.jmeter.protocol.http.parser.LagartoBasedHtmlParser
2018-11-21 08:29:44,248 INFO o.a.j.p.h.s.HTTPSamplerBase: Parser for application/xhtml+xml is org.apache.jmeter.protocol.http.parser.LagartoBasedHtmlParser
2018-11-21 08:29:44,248 INFO o.a.j.p.h.s.HTTPSamplerBase: Parser for application/xml is org.apache.jmeter.protocol.http.parser.LagartoBasedHtmlParser
2018-11-21 08:29:44,248 INFO o.a.j.p.h.s.HTTPSamplerBase: Parser for text/xml is org.apache.jmeter.protocol.http.parser.LagartoBasedHtmlParser
2018-11-21 08:29:44,248 INFO o.a.j.p.h.s.HTTPSamplerBase: Parser for text/vnd.wap.wml is org.apache.jmeter.protocol.http.parser.RegexpHTMLParser
2018-11-21 08:29:44,248 INFO o.a.j.p.h.s.HTTPSamplerBase: Parser for text/css is org.apache.jmeter.protocol.http.parser.CssParser
2018-11-21 08:29:44,321 INFO o.j.r.PluginManager: Finishing without changes
