[2018-11-21 08:28:17,159 INFO root] Taurus CLI Tool v1.13.0
[2018-11-21 08:28:17,159 DEBUG root] Command-line options: {'verbose': None, 'no_system_configs': None, 'quiet': None, 'log': '/var/folders/_7/c5br59cd02v6qkd_sqxjqtl40000gn/T/bzt_42S9ZP.log', 'option': None, 'aliases': []}
[2018-11-21 08:28:17,159 DEBUG root] Python: CPython 2.7.15
[2018-11-21 08:28:17,159 DEBUG root] OS: ('Darwin', 'Rocellas-MacBook-Pro.local', '18.0.0', 'Darwin Kernel Version 18.0.0: Wed Aug 22 20:13:40 PDT 2018; root:xnu-4903.201.2~1/RELEASE_X86_64', 'x86_64', 'i386')
[2018-11-21 08:28:17,159 INFO root] Starting with configs: ['benchmark/scripts/poc_jmeter_2.yml']
[2018-11-21 08:28:17,160 DEBUG root] Using personal config: /Users/rocellajimenez/.bzt-rc
[2018-11-21 08:28:17,160 INFO Engine] Configuring...
[2018-11-21 08:28:17,160 DEBUG Engine] No machine configs dir: /usr/local/Cellar/bzt/1.13.0/libexec/bin/../etc/bzt.d
[2018-11-21 08:28:17,160 DEBUG Engine] Base configs list: ['/usr/local/Cellar/bzt/1.13.0/libexec/lib/python2.7/site-packages/bzt/resources/base-config.yml']
[2018-11-21 08:28:17,160 DEBUG Engine.Configuration] Configs: ['/usr/local/Cellar/bzt/1.13.0/libexec/lib/python2.7/site-packages/bzt/resources/base-config.yml']
[2018-11-21 08:28:17,160 DEBUG Engine.Configuration] Reading /usr/local/Cellar/bzt/1.13.0/libexec/lib/python2.7/site-packages/bzt/resources/base-config.yml as YAML
[2018-11-21 08:28:17,187 DEBUG Engine] User configs list: ['/Users/rocellajimenez/.bzt-rc', 'benchmark/scripts/poc_jmeter_2.yml']
[2018-11-21 08:28:17,187 DEBUG Engine.Configuration] Configs: ['/Users/rocellajimenez/.bzt-rc', 'benchmark/scripts/poc_jmeter_2.yml']
[2018-11-21 08:28:17,187 DEBUG Engine.Configuration] Reading /Users/rocellajimenez/.bzt-rc as YAML
[2018-11-21 08:28:17,191 DEBUG Engine.Configuration] Reading benchmark/scripts/poc_jmeter_2.yml as YAML
[2018-11-21 08:28:17,193 DEBUG Engine.Configuration] Configs: ['/Users/rocellajimenez/.bzt-rc', 'benchmark/scripts/poc_jmeter_2.yml']
[2018-11-21 08:28:17,193 DEBUG Engine.Configuration] Reading /Users/rocellajimenez/.bzt-rc as YAML
[2018-11-21 08:28:17,196 DEBUG Engine.Configuration] Reading benchmark/scripts/poc_jmeter_2.yml as YAML
[2018-11-21 08:28:17,206 DEBUG Engine] Requesting updates info: http://gettaurus.org/updates/?version=1.13.0&installID=macos-8c8590bd2b94
[2018-11-21 08:28:17,206 DEBUG HTTPClient] Making HTTP request GET http://gettaurus.org/updates/?version=1.13.0&installID=macos-8c8590bd2b94
[2018-11-21 08:28:17,206 INFO Engine] Artifacts dir: /Users/rocellajimenez/Desktop/poc_v2/2018-11-21_08-28-17.206310
[2018-11-21 08:28:17,211 DEBUG Engine] New artifact filename: /Users/rocellajimenez/Desktop/poc_v2/2018-11-21_08-28-17.206310/effective
[2018-11-21 08:28:17,214 DEBUG urllib3.connectionpool] Starting new HTTP connection (1): gettaurus.org:80
[2018-11-21 08:28:17,214 DEBUG Engine.Configuration] Dumping YAML config into /Users/rocellajimenez/Desktop/poc_v2/2018-11-21_08-28-17.206310/effective.yml
[2018-11-21 08:28:17,244 DEBUG Engine.Configuration] Dumping JSON config into /Users/rocellajimenez/Desktop/poc_v2/2018-11-21_08-28-17.206310/effective.json
[2018-11-21 08:28:17,244 DEBUG Engine] New artifact filename: /Users/rocellajimenez/Desktop/poc_v2/2018-11-21_08-28-17.206310/merged.yml
[2018-11-21 08:28:17,245 DEBUG Engine.Configuration] Dumping YAML config into /Users/rocellajimenez/Desktop/poc_v2/2018-11-21_08-28-17.206310/merged.yml
[2018-11-21 08:28:17,247 DEBUG Engine] New artifact filename: /Users/rocellajimenez/Desktop/poc_v2/2018-11-21_08-28-17.206310/merged.json
[2018-11-21 08:28:17,247 DEBUG Engine.Configuration] Dumping JSON config into /Users/rocellajimenez/Desktop/poc_v2/2018-11-21_08-28-17.206310/merged.json
[2018-11-21 08:28:17,248 DEBUG Engine] Add existing artifact (move=False): benchmark/scripts/poc_jmeter_2.yml
[2018-11-21 08:28:17,248 DEBUG Engine] Copying benchmark/scripts/poc_jmeter_2.yml to /Users/rocellajimenez/Desktop/poc_v2/2018-11-21_08-28-17.206310/poc_jmeter_2.yml
[2018-11-21 08:28:17,248 DEBUG Engine.Environment] Replace 'TAURUS_ARTIFACTS_DIR' in environment
[2018-11-21 08:28:17,249 DEBUG root] Closing log handler: /var/folders/_7/c5br59cd02v6qkd_sqxjqtl40000gn/T/bzt_42S9ZP.log
[2018-11-21 08:28:17,249 DEBUG urllib3.connectionpool] http://gettaurus.org:80 "GET /updates/?version=1.13.0&installID=macos-8c8590bd2b94 HTTP/1.1" 307 None
[2018-11-21 08:28:17,250 DEBUG root] Switched writing logs to /Users/rocellajimenez/Desktop/poc_v2/2018-11-21_08-28-17.206310/bzt.log
[2018-11-21 08:28:17,251 DEBUG root] Linting config
[2018-11-21 08:28:17,254 INFO Engine] Preparing...
[2018-11-21 08:28:17,255 DEBUG Engine] Module config: consolidator {'class': u'bzt.modules.aggregator.ConsolidatingAggregator'}
[2018-11-21 08:28:17,255 DEBUG root] Importing module: bzt.modules.aggregator
[2018-11-21 08:28:17,294 DEBUG urllib3.connectionpool] Starting new HTTPS connection (1): n58.network-auth.com:443
[2018-11-21 08:28:17,347 DEBUG root] Loading class: 'ConsolidatingAggregator' from <module 'bzt.modules.aggregator' from '/usr/local/Cellar/bzt/1.13.0/libexec/lib/python2.7/site-packages/bzt/modules/aggregator.pyc'>
[2018-11-21 08:28:17,348 DEBUG Engine.consolidator] Buffer scaling setup: percentile 95.0 from [0.0, 50.0, 90.0, 95.0, 99.0, 99.9, 100.0] selected
[2018-11-21 08:28:17,348 DEBUG Engine] Module config: monitoring {'class': u'bzt.modules.monitoring.Monitoring'}
[2018-11-21 08:28:17,348 DEBUG root] Importing module: bzt.modules.monitoring
[2018-11-21 08:28:17,349 DEBUG root] Loading class: 'Monitoring' from <module 'bzt.modules.monitoring' from '/usr/local/Cellar/bzt/1.13.0/libexec/lib/python2.7/site-packages/bzt/modules/monitoring.pyc'>
[2018-11-21 08:28:17,349 DEBUG Engine] Module config: local {'class': u'bzt.modules.provisioning.Local'}
[2018-11-21 08:28:17,350 DEBUG root] Importing module: bzt.modules.provisioning
[2018-11-21 08:28:17,350 DEBUG root] Loading class: 'Local' from <module 'bzt.modules.provisioning' from '/usr/local/Cellar/bzt/1.13.0/libexec/lib/python2.7/site-packages/bzt/modules/provisioning.pyc'>
[2018-11-21 08:28:17,350 DEBUG Engine] Module config: jmeter {'properties': {'jmeter.save.saveservice.autoflush': u'true', 'jmeter.save.saveservice.connect_time': u'true', 'summariser.name': u'', 'jmeterengine.force.system.exit': u'true'}, 'plugins': [u'jpgc-casutg', u'jpgc-dummy', u'jpgc-ffw', u'jpgc-fifo', u'jpgc-functions', u'jpgc-json', u'jpgc-perfmon', u'jpgc-prmctl', u'jpgc-tst'], 'class': u'bzt.modules.jmeter.JMeterExecutor', 'protocol-handlers': {'http': u'bzt.jmx.http.HTTPProtocolHandler'}}
[2018-11-21 08:28:17,350 DEBUG root] Importing module: bzt.modules.jmeter
[2018-11-21 08:28:17,358 DEBUG root] Loading class: 'JMeterExecutor' from <module 'bzt.modules.jmeter' from '/usr/local/Cellar/bzt/1.13.0/libexec/lib/python2.7/site-packages/bzt/modules/jmeter.pyc'>
[2018-11-21 08:28:17,358 DEBUG Engine.local] Preparing executor: None/4497255248
[2018-11-21 08:28:17,358 DEBUG Engine] New artifact filename: /Users/rocellajimenez/Desktop/poc_v2/2018-11-21_08-28-17.206310/jmeter.log
[2018-11-21 08:28:17,358 DEBUG Engine.jmeter] Checking if port 4445 is free
[2018-11-21 08:28:17,359 DEBUG Engine.jmeter] Port 4445 is free
[2018-11-21 08:28:17,359 DEBUG Engine.jmeter] Using port 4445 for management
[2018-11-21 08:28:17,359 DEBUG Engine.jmeter.JavaVM] Trying JavaVM: ['java', '-version']
[2018-11-21 08:28:17,465 DEBUG Engine.jmeter.JavaVM] JavaVM output: java version "1.8.0_171"
Java(TM) SE Runtime Environment (build 1.8.0_171-b11)
Java HotSpot(TM) 64-Bit Server VM (build 25.171-b11, mixed mode)
[2018-11-21 08:28:17,466 DEBUG Engine.jmeter.TclLibrary] We don't need to check tcl library on this platform
[2018-11-21 08:28:17,466 DEBUG Engine.jmeter.JMeter] Trying jmeter: /Users/rocellajimenez/.bzt/jmeter-taurus/4.0/bin/jmeter.sh
[2018-11-21 08:28:17,466 DEBUG bzt.utils] Executing shell: ['/Users/rocellajimenez/.bzt/jmeter-taurus/4.0/bin/jmeter.sh', '-j', '/var/folders/_7/c5br59cd02v6qkd_sqxjqtl40000gn/T/jmeter6wXa_Qlog', '--version'] at .
[2018-11-21 08:28:17,586 DEBUG urllib3.connectionpool] https://n58.network-auth.com:443 "GET /splash/?mac=E0%3ACB%3ABC%3A88%3A68%3AE9&real_ip=172.16.0.102&client_ip=10.97.44.219&client_mac=8C:85:90:BD:2B:94&vap=0&a=7b52009b64fd0a2a49e6d8a939753077792b0554&b=279591&auth_version=5&key=b5ec465c79dced0c1040df76ec8d93abac2ba3e4&acl_ver=P3297249V2&continue_url=http%3A%2F%2Fgettaurus.org%2Fupdates%2F%3Fversion%3D1.13.0%26installID%3Dmacos-8c8590bd2b94 HTTP/1.1" 200 None
[2018-11-21 08:28:17,590 DEBUG Engine] Failed to check for updates: Traceback (most recent call last):
  File "/usr/local/Cellar/bzt/1.13.0/libexec/lib/python2.7/site-packages/bzt/engine.py", line 622, in _check_updates
    data = response.json()
  File "/usr/local/Cellar/bzt/1.13.0/libexec/lib/python2.7/site-packages/requests/models.py", line 896, in json
    return complexjson.loads(self.text, **kwargs)
  File "/usr/local/opt/python@2/Frameworks/Python.framework/Versions/2.7/lib/python2.7/json/__init__.py", line 339, in loads
    return _default_decoder.decode(s)
  File "/usr/local/opt/python@2/Frameworks/Python.framework/Versions/2.7/lib/python2.7/json/decoder.py", line 364, in decode
    obj, end = self.raw_decode(s, idx=_w(s, 0).end())
  File "/usr/local/opt/python@2/Frameworks/Python.framework/Versions/2.7/lib/python2.7/json/decoder.py", line 382, in raw_decode
    raise ValueError("No JSON object could be decoded")
ValueError: No JSON object could be decoded

[2018-11-21 08:28:17,591 WARNING Engine] Failed to check for updates
[2018-11-21 08:28:28,434 DEBUG Engine.jmeter.JMeter] JMeter check:     _    ____   _    ____ _   _ _____       _ __  __ _____ _____ _____ ____     
   / \  |  _ \ / \  / ___| | | | ____|     | |  \/  | ____|_   _| ____|  _ \   
  / _ \ | |_) / _ \| |   | |_| |  _|    _  | | |\/| |  _|   | | |  _| | |_) | 
 / ___ \|  __/ ___ \ |___|  _  | |___  | |_| | |  | | |___  | | | |___|  _ <  
/_/   \_\_| /_/   \_\____|_| |_|_____|  \___/|_|  |_|_____| |_| |_____|_| \_\ 4.0 r1823414  

Copyright (c) 1999-2018 The Apache Software Foundation

 / None
[2018-11-21 08:28:28,434 DEBUG Engine] New artifact filename: /Users/rocellajimenez/Desktop/poc_v2/2018-11-21_08-28-17.206310/requests.jmx
[2018-11-21 08:28:28,435 DEBUG root] Importing module: bzt.jmx.http
[2018-11-21 08:28:28,436 DEBUG root] Loading class: 'HTTPProtocolHandler' from <module 'bzt.jmx.http' from '/usr/local/Cellar/bzt/1.13.0/libexec/lib/python2.7/site-packages/bzt/jmx/http.pyc'>
[2018-11-21 08:28:28,438 DEBUG JMeterScenarioBuilder] Saving JMX to: /Users/rocellajimenez/Desktop/poc_v2/2018-11-21_08-28-17.206310/requests.jmx
[2018-11-21 08:28:28,439 DEBUG Engine.jmeter] Load: LoadSpec(concurrency=5, throughput=None, ramp_up=60.0, hold=90.0, iterations=0, duration=150.0, steps=None)
[2018-11-21 08:28:28,440 DEBUG Engine] New artifact filename: /Users/rocellajimenez/Desktop/poc_v2/2018-11-21_08-28-17.206310/kpi.jtl
[2018-11-21 08:28:28,441 DEBUG Engine] New artifact filename: /Users/rocellajimenez/Desktop/poc_v2/2018-11-21_08-28-17.206310/error.jtl
[2018-11-21 08:28:28,443 DEBUG Engine.jmeter.LoadSettingsProcessor.ThreadGroupHandler] Converting ThreadGroup (simple) to ConcurrencyThreadGroup and apply load parameters
[2018-11-21 08:28:28,443 DEBUG Engine] New artifact filename: /Users/rocellajimenez/Desktop/poc_v2/2018-11-21_08-28-17.206310/modified_requests.jmx
[2018-11-21 08:28:28,443 DEBUG JMX] Saving JMX to: /Users/rocellajimenez/Desktop/poc_v2/2018-11-21_08-28-17.206310/modified_requests.jmx
[2018-11-21 08:28:28,444 DEBUG Engine.jmeter] Additional properties: {'jmeter.save.saveservice.autoflush': u'true', 'jmeter.save.saveservice.connect_time': u'true', 'user.classpath': '/Users/rocellajimenez/Desktop/poc_v2/2018-11-21_08-28-17.206310:/Users/rocellajimenez/Desktop/poc_v2/2018-11-21_08-28-17.206310', 'sampleresult.default.encoding': 'UTF-8', 'summariser.name': u'', 'jmeterengine.force.system.exit': u'true', 'jmeter.save.saveservice.timestamp_format': 'ms', 'jmeterengine.nongui.maxport': 4445, 'jmeterengine.nongui.port': 4445}
[2018-11-21 08:28:28,444 DEBUG Engine] New artifact filename: /Users/rocellajimenez/Desktop/poc_v2/2018-11-21_08-28-17.206310/jmeter-bzt.properties
[2018-11-21 08:28:28,444 DEBUG Engine.jmeter] Additional system properties {'sun.net.inetaddr.ttl': 0}
[2018-11-21 08:28:28,444 DEBUG Engine] New artifact filename: /Users/rocellajimenez/Desktop/poc_v2/2018-11-21_08-28-17.206310/system.properties
[2018-11-21 08:28:28,445 DEBUG Engine.jmeter.JMeter] Passing JVM_ARGS: ''
[2018-11-21 08:28:28,445 DEBUG bzt.utils] Executing shell: ['/Users/rocellajimenez/.bzt/jmeter-taurus/4.0/bin/PluginsManagerCMD.sh', 'install-for-jmx', '/Users/rocellajimenez/Desktop/poc_v2/2018-11-21_08-28-17.206310/modified_requests.jmx'] at .
[2018-11-21 08:28:40,091 DEBUG Engine.jmeter.JMeter] Try to detect plugins for /Users/rocellajimenez/Desktop/poc_v2/2018-11-21_08-28-17.206310/modified_requests.jmx
2018-11-21 08:28:34,133 INFO o.j.r.PluginManagerCMD: Command is: install-for-jmx
2018-11-21 08:28:39,231 INFO o.j.r.JARSourceHTTP: Found cached repo
2018-11-21 08:28:39,377 INFO o.j.r.PluginManager: Plugins Status: [jpgc-functions=2.1, jpgc-casutg=2.5, jpgc-dummy=0.2, jpgc-ffw=2.0, jpgc-fifo=0.2, jpgc-json=2.6, jpgc-prmctl=0.4, jpgc-perfmon=2.1, jpgc-plugins-manager=1.3, jpgc-tst=2.5, jmeter-core=4.0, jmeter-ftp=4.0, jmeter-http=4.0, jmeter-jdbc=4.0, jmeter-jms=4.0, jmeter-junit=4.0, jmeter-java=4.0, jmeter-ldap=4.0, jmeter-mail=4.0, jmeter-mongodb=4.0, jmeter-native=4.0, jmeter-tcp=4.0, jmeter-components=4.0]
2018-11-21 08:28:39,379 INFO o.j.r.PluginManagerCMD: Params line is: /Users/rocellajimenez/Desktop/poc_v2/2018-11-21_08-28-17.206310/modified_requests.jmx
2018-11-21 08:28:39,565 INFO o.a.j.s.SaveService: Testplan (JMX) version: 2.2. Testlog (JTL) version: 2.2
2018-11-21 08:28:39,578 INFO o.a.j.s.SaveService: Using SaveService properties file encoding UTF-8
2018-11-21 08:28:39,582 INFO o.a.j.s.SaveService: Using SaveService properties version 4.0
2018-11-21 08:28:39,611 INFO o.a.j.p.h.c.CacheManager: Will only cache the following methods: [GET]
2018-11-21 08:28:39,613 INFO o.a.j.p.h.c.CookieManager: Settings: Delete null: true Check: true Allow variable: true Save: false Prefix: COOKIE_
2018-11-21 08:28:39,615 WARN o.a.j.u.JMeterUtils: ERROR! Resource string not found: [option]
2018-11-21 08:28:39,616 WARN o.a.j.u.JMeterUtils: ERROR! Resource string not found: [add]
2018-11-21 08:28:39,616 WARN o.a.j.u.JMeterUtils: ERROR! Resource string not found: [add_host]
2018-11-21 08:28:39,616 WARN o.a.j.u.JMeterUtils: ERROR! Resource string not found: [delete]
2018-11-21 08:28:39,616 WARN o.a.j.u.JMeterUtils: ERROR! Resource string not found: [delete_host]
2018-11-21 08:28:39,616 WARN o.a.j.u.JMeterUtils: ERROR! Resource string not found: [use_system_dns_resolver]
2018-11-21 08:28:39,616 WARN o.a.j.u.JMeterUtils: ERROR! Resource string not found: [use_custom_dns_resolver]
2018-11-21 08:28:39,616 WARN o.a.j.u.JMeterUtils: ERROR! Resource string not found: [dns_hostname_or_ip]
2018-11-21 08:28:39,616 WARN o.a.j.u.JMeterUtils: ERROR! Resource string not found: [dns_host]
2018-11-21 08:28:39,617 WARN o.a.j.u.JMeterUtils: ERROR! Resource string not found: [dns_hostname_or_ip]
2018-11-21 08:28:39,649 INFO o.a.j.p.h.s.HTTPSamplerBase: Parser for text/html is org.apache.jmeter.protocol.http.parser.LagartoBasedHtmlParser
2018-11-21 08:28:39,649 INFO o.a.j.p.h.s.HTTPSamplerBase: Parser for application/xhtml+xml is org.apache.jmeter.protocol.http.parser.LagartoBasedHtmlParser
2018-11-21 08:28:39,649 INFO o.a.j.p.h.s.HTTPSamplerBase: Parser for application/xml is org.apache.jmeter.protocol.http.parser.LagartoBasedHtmlParser
2018-11-21 08:28:39,649 INFO o.a.j.p.h.s.HTTPSamplerBase: Parser for text/xml is org.apache.jmeter.protocol.http.parser.LagartoBasedHtmlParser
2018-11-21 08:28:39,649 INFO o.a.j.p.h.s.HTTPSamplerBase: Parser for text/vnd.wap.wml is org.apache.jmeter.protocol.http.parser.RegexpHTMLParser
2018-11-21 08:28:39,649 INFO o.a.j.p.h.s.HTTPSamplerBase: Parser for text/css is org.apache.jmeter.protocol.http.parser.CssParser
2018-11-21 08:28:39,722 INFO o.j.r.PluginManager: Finishing without changes


[2018-11-21 08:28:40,092 DEBUG Engine] New artifact filename: /Users/rocellajimenez/Desktop/poc_v2/2018-11-21_08-28-17.206310/jmeter.out
[2018-11-21 08:28:40,092 DEBUG Engine] New artifact filename: /Users/rocellajimenez/Desktop/poc_v2/2018-11-21_08-28-17.206310/jmeter.err
[2018-11-21 08:28:40,093 DEBUG Engine] Module config: final-stats {'class': u'bzt.modules.reporting.FinalStatus'}
[2018-11-21 08:28:40,093 DEBUG root] Importing module: bzt.modules.reporting
[2018-11-21 08:28:40,103 DEBUG easyprocess] version=0.2.3
[2018-11-21 08:28:40,105 DEBUG pyvirtualdisplay] version=0.2.1
[2018-11-21 08:28:40,107 DEBUG root] Loading class: 'FinalStatus' from <module 'bzt.modules.reporting' from '/usr/local/Cellar/bzt/1.13.0/libexec/lib/python2.7/site-packages/bzt/modules/reporting.pyc'>
[2018-11-21 08:28:40,107 DEBUG Engine] Module config: console {'disable': False, 'class': u'bzt.modules.console.ConsoleStatusReporter'}
[2018-11-21 08:28:40,107 DEBUG root] Importing module: bzt.modules.console
[2018-11-21 08:28:40,107 DEBUG root] Loading class: 'ConsoleStatusReporter' from <module 'bzt.modules.console' from '/usr/local/Cellar/bzt/1.13.0/libexec/lib/python2.7/site-packages/bzt/modules/console.pyc'>
[2018-11-21 08:28:40,117 DEBUG Engine.Configuration] Dumping YAML config into /Users/rocellajimenez/Desktop/poc_v2/2018-11-21_08-28-17.206310/effective.yml
[2018-11-21 08:28:40,136 DEBUG Engine.Configuration] Dumping JSON config into /Users/rocellajimenez/Desktop/poc_v2/2018-11-21_08-28-17.206310/effective.json
[2018-11-21 08:28:40,137 INFO Engine] Starting...
[2018-11-21 08:28:40,137 DEBUG Engine] Startup <bzt.modules.monitoring.Monitoring object at 0x10a5dbb10>
[2018-11-21 08:28:40,137 DEBUG Engine] Startup <bzt.modules.aggregator.ConsolidatingAggregator object at 0x10a5f9910>
[2018-11-21 08:28:40,138 DEBUG Engine] Startup <bzt.modules.reporting.FinalStatus object at 0x10c1447d0>
[2018-11-21 08:28:40,138 DEBUG Engine] Startup <bzt.modules.console.ConsoleStatusReporter object at 0x10c2aea50>
[2018-11-21 08:28:40,138 INFO Engine.console] Waiting for results...
[2018-11-21 08:28:40,138 DEBUG Engine] Startup <bzt.modules.reporting.FinalStatus object at 0x10c2dd810>
[2018-11-21 08:28:40,138 DEBUG Engine] Startup <bzt.modules.provisioning.Local object at 0x10a5b3650>
[2018-11-21 08:28:40,138 DEBUG Engine.local] Delay setup for None/simple: 0(start-at) + 0(delay) = 0
[2018-11-21 08:28:40,140 DEBUG Engine.Configuration] Dumping YAML config into /Users/rocellajimenez/Desktop/poc_v2/2018-11-21_08-28-17.206310/effective.yml
[2018-11-21 08:28:40,160 DEBUG Engine.Configuration] Dumping JSON config into /Users/rocellajimenez/Desktop/poc_v2/2018-11-21_08-28-17.206310/effective.json
[2018-11-21 08:28:40,161 DEBUG root] Leveling down log file verbosity to INFO, use -v option to have DEBUG messages enabled
[2018-11-21 08:28:40,161 DEBUG root] Leveled up log file verbosity
[2018-11-21 08:28:40,162 DEBUG bzt.utils] Executing shell: ['/Users/rocellajimenez/.bzt/jmeter-taurus/4.0/bin/jmeter.sh', '-n', '-t', '/Users/rocellajimenez/Desktop/poc_v2/2018-11-21_08-28-17.206310/modified_requests.jmx', '-j', '/Users/rocellajimenez/Desktop/poc_v2/2018-11-21_08-28-17.206310/jmeter.log', '-q', '/Users/rocellajimenez/Desktop/poc_v2/2018-11-21_08-28-17.206310/jmeter-bzt.properties', '-S', '/Users/rocellajimenez/Desktop/poc_v2/2018-11-21_08-28-17.206310/system.properties'] at /Users/rocellajimenez/Desktop/poc_v2
[2018-11-21 08:28:40,172 DEBUG root] Leveling down log file verbosity to INFO, use -v option to have DEBUG messages enabled
[2018-11-21 08:28:40,386 INFO Engine.console] Waiting for finish...
[2018-11-21 08:28:52,891 WARNING Engine] Please wait for graceful shutdown...
[2018-11-21 08:28:52,894 DEBUG root] Leveled up log file verbosity
[2018-11-21 08:28:52,894 INFO Engine] Shutting down...
[2018-11-21 08:28:52,897 DEBUG Engine] Current stop reason: 
[2018-11-21 08:28:52,897 DEBUG Engine.local] Shutdown None/simple
[2018-11-21 08:28:53,898 INFO Engine.jmeter] Sending Shutdown command to JMeter on port 4445...
[2018-11-21 08:28:54,850 DEBUG Engine.local] Exception in shutdown of JMeterExecutor:  Traceback (most recent call last):
  File "/usr/local/Cellar/bzt/1.13.0/libexec/lib/python2.7/site-packages/bzt/modules/provisioning.py", line 144, in shutdown
    executor.shutdown()
  File "/usr/local/Cellar/bzt/1.13.0/libexec/lib/python2.7/site-packages/bzt/modules/jmeter.py", line 438, in shutdown
    if self._process_stopped(max_attempts):
  File "/usr/local/Cellar/bzt/1.13.0/libexec/lib/python2.7/site-packages/bzt/modules/jmeter.py", line 473, in _process_stopped
    time.sleep(self.engine.check_interval)
KeyboardInterrupt

[2018-11-21 08:28:54,850 DEBUG Engine] :
Traceback (most recent call last):
  File "/usr/local/Cellar/bzt/1.13.0/libexec/lib/python2.7/site-packages/bzt/engine.py", line 272, in _shutdown
    module.shutdown()
  File "/usr/local/Cellar/bzt/1.13.0/libexec/lib/python2.7/site-packages/bzt/modules/provisioning.py", line 153, in shutdown
    reraise(exc_info, exc_value)
  File "/usr/local/Cellar/bzt/1.13.0/libexec/lib/python2.7/site-packages/bzt/modules/provisioning.py", line 144, in shutdown
    executor.shutdown()
  File "/usr/local/Cellar/bzt/1.13.0/libexec/lib/python2.7/site-packages/bzt/modules/jmeter.py", line 438, in shutdown
    if self._process_stopped(max_attempts):
  File "/usr/local/Cellar/bzt/1.13.0/libexec/lib/python2.7/site-packages/bzt/modules/jmeter.py", line 473, in _process_stopped
    time.sleep(self.engine.check_interval)
KeyboardInterrupt

[2018-11-21 08:28:54,851 DEBUG Engine.console] Restoring logging streams, [<logging.StreamHandler object at 0x10a5acc90>]/{<logging.StreamHandler object at 0x10a5acc90>: <open file '<stdout>', mode 'w' at 0x1090fe150>}
[2018-11-21 08:28:54,853 DEBUG Engine.Configuration] Dumping YAML config into /Users/rocellajimenez/Desktop/poc_v2/2018-11-21_08-28-17.206310/effective.yml
[2018-11-21 08:28:54,879 DEBUG Engine.Configuration] Dumping JSON config into /Users/rocellajimenez/Desktop/poc_v2/2018-11-21_08-28-17.206310/effective.json
[2018-11-21 08:28:54,880 DEBUG Engine] :
Traceback (most recent call last):
  File "/usr/local/Cellar/bzt/1.13.0/libexec/lib/python2.7/site-packages/bzt/engine.py", line 215, in run
    self._shutdown()
  File "/usr/local/Cellar/bzt/1.13.0/libexec/lib/python2.7/site-packages/bzt/engine.py", line 282, in _shutdown
    reraise(exc_info, exc_value)
  File "/usr/local/Cellar/bzt/1.13.0/libexec/lib/python2.7/site-packages/bzt/engine.py", line 272, in _shutdown
    module.shutdown()
  File "/usr/local/Cellar/bzt/1.13.0/libexec/lib/python2.7/site-packages/bzt/modules/provisioning.py", line 153, in shutdown
    reraise(exc_info, exc_value)
  File "/usr/local/Cellar/bzt/1.13.0/libexec/lib/python2.7/site-packages/bzt/modules/provisioning.py", line 144, in shutdown
    executor.shutdown()
  File "/usr/local/Cellar/bzt/1.13.0/libexec/lib/python2.7/site-packages/bzt/modules/jmeter.py", line 438, in shutdown
    if self._process_stopped(max_attempts):
  File "/usr/local/Cellar/bzt/1.13.0/libexec/lib/python2.7/site-packages/bzt/modules/jmeter.py", line 473, in _process_stopped
    time.sleep(self.engine.check_interval)
KeyboardInterrupt

[2018-11-21 08:28:54,880 WARNING root] Keyboard interrupt
[2018-11-21 08:28:54,880 DEBUG root] KeyboardInterrupt: 
Traceback (most recent call last):
  File "/usr/local/Cellar/bzt/1.13.0/libexec/lib/python2.7/site-packages/bzt/cli.py", line 261, in perform
    self.engine.run()
  File "/usr/local/Cellar/bzt/1.13.0/libexec/lib/python2.7/site-packages/bzt/engine.py", line 226, in run
    reraise(exc_info, exc_value)
  File "/usr/local/Cellar/bzt/1.13.0/libexec/lib/python2.7/site-packages/bzt/engine.py", line 206, in run
    self._wait()
  File "/usr/local/Cellar/bzt/1.13.0/libexec/lib/python2.7/site-packages/bzt/engine.py", line 254, in _wait
    time.sleep(delay)
KeyboardInterrupt
[2018-11-21 08:28:54,881 INFO Engine] Post-processing...
[2018-11-21 08:28:54,881 DEBUG Engine.local] Post-process None/simple
[2018-11-21 08:28:54,881 DEBUG Engine] Add existing artifact (move=True): /Users/rocellajimenez/Desktop/poc_v2/2018-11-21_08-28-17.206310/modified_requests.jmx
[2018-11-21 08:28:54,881 DEBUG Engine] No need to copy /Users/rocellajimenez/Desktop/poc_v2/2018-11-21_08-28-17.206310/modified_requests.jmx
[2018-11-21 08:28:54,882 DEBUG Engine.local] Exception in post_process of JMeterExecutor: Empty results, most likely simple (JMeterExecutor) failed. Actual reason for this can be found in logs under /Users/rocellajimenez/Desktop/poc_v2/2018-11-21_08-28-17.206310 Traceback (most recent call last):
  File "/usr/local/Cellar/bzt/1.13.0/libexec/lib/python2.7/site-packages/bzt/modules/provisioning.py", line 172, in post_process
    raise ToolError(message, diagnostics)
ToolError: Empty results, most likely simple (JMeterExecutor) failed. Actual reason for this can be found in logs under /Users/rocellajimenez/Desktop/poc_v2/2018-11-21_08-28-17.206310

[2018-11-21 08:28:54,882 DEBUG Engine] post_process: Empty results, most likely simple (JMeterExecutor) failed. Actual reason for this can be found in logs under /Users/rocellajimenez/Desktop/poc_v2/2018-11-21_08-28-17.206310
Traceback (most recent call last):
  File "/usr/local/Cellar/bzt/1.13.0/libexec/lib/python2.7/site-packages/bzt/engine.py", line 296, in post_process
    module.post_process()
  File "/usr/local/Cellar/bzt/1.13.0/libexec/lib/python2.7/site-packages/bzt/modules/provisioning.py", line 181, in post_process
    reraise(exc_info, exc_value)
  File "/usr/local/Cellar/bzt/1.13.0/libexec/lib/python2.7/site-packages/bzt/modules/provisioning.py", line 172, in post_process
    raise ToolError(message, diagnostics)
ToolError: Empty results, most likely simple (JMeterExecutor) failed. Actual reason for this can be found in logs under /Users/rocellajimenez/Desktop/poc_v2/2018-11-21_08-28-17.206310

[2018-11-21 08:28:54,883 DEBUG Engine.jmeter.JTLErrorsReader.FileReader] Opening file: /Users/rocellajimenez/Desktop/poc_v2/2018-11-21_08-28-17.206310/error.jtl
[2018-11-21 08:28:54,883 DEBUG Engine.jmeter.JTLErrorsReader.FileReader] Reading: /Users/rocellajimenez/Desktop/poc_v2/2018-11-21_08-28-17.206310/error.jtl
[2018-11-21 08:28:54,883 DEBUG Engine.jmeter.JTLErrorsReader.FileReader] Reading: /Users/rocellajimenez/Desktop/poc_v2/2018-11-21_08-28-17.206310/error.jtl
[2018-11-21 08:28:54,883 DEBUG Engine.jmeter.JTLReader.IncrementalCSVReader.FileReader] Reading: /Users/rocellajimenez/Desktop/poc_v2/2018-11-21_08-28-17.206310/kpi.jtl
[2018-11-21 08:28:54,883 DEBUG Engine.jmeter.JTLReader] Buffer len: 0; Known errors count: 0
[2018-11-21 08:28:54,883 DEBUG Engine.consolidator] Consolidator buffer[0]: []
[2018-11-21 08:28:54,883 INFO Engine.final-stats] Test duration: 0:00:14
[2018-11-21 08:28:54,883 DEBUG Engine.console] No logger_handler or orig_stream was detected
[2018-11-21 08:28:54,883 INFO Engine.final-stats] Test duration: 0:00:14
[2018-11-21 08:28:54,885 DEBUG Engine.Configuration] Dumping YAML config into /Users/rocellajimenez/Desktop/poc_v2/2018-11-21_08-28-17.206310/effective.yml
[2018-11-21 08:28:54,906 DEBUG Engine.Configuration] Dumping JSON config into /Users/rocellajimenez/Desktop/poc_v2/2018-11-21_08-28-17.206310/effective.json
[2018-11-21 08:28:54,907 DEBUG root] Child Process Error: Empty results, most likely simple (JMeterExecutor) failed. Actual reason for this can be found in logs under /Users/rocellajimenez/Desktop/poc_v2/2018-11-21_08-28-17.206310
[2018-11-21 08:28:54,907 DEBUG root] JMeter STDOUT:
Created the tree successfully using /Users/rocellajimenez/Desktop/poc_v2/2018-11-21_08-28-17.206310/modified_requests.jmx
Starting the test @ Wed Nov 21 08:28:51 EST 2018 (1542806931340)
Waiting for possible Shutdown/StopTestNow/Heapdump message on port 4445
Command: Shutdown received from /127.0.0.1
Tidying up ...    @ Wed Nov 21 08:28:53 EST 2018 (1542806933961)
... end of run
[2018-11-21 08:28:54,907 DEBUG root] JMeter log:
2018-11-21 08:28:46,067 INFO o.a.j.u.JMeterUtils: Setting Locale to en_CA
2018-11-21 08:28:46,085 INFO o.a.j.JMeter: Loading user properties from: /Users/rocellajimenez/.bzt/jmeter-taurus/4.0/bin/user.properties
2018-11-21 08:28:46,086 INFO o.a.j.JMeter: Loading system properties from: /Users/rocellajimenez/.bzt/jmeter-taurus/4.0/bin/system.properties
2018-11-21 08:28:46,086 INFO o.a.j.JMeter: Setting System properties from file: /Users/rocellajimenez/Desktop/poc_v2/2018-11-21_08-28-17.206310/system.properties
2018-11-21 08:28:46,090 INFO o.a.j.JMeter: Copyright (c) 1998-2018 The Apache Software Foundation
2018-11-21 08:28:46,091 INFO o.a.j.JMeter: Version 4.0 r1823414
2018-11-21 08:28:46,091 INFO o.a.j.JMeter: java.version=1.8.0_171
2018-11-21 08:28:46,091 INFO o.a.j.JMeter: java.vm.name=Java HotSpot(TM) 64-Bit Server VM
2018-11-21 08:28:46,091 INFO o.a.j.JMeter: os.name=Mac OS X
2018-11-21 08:28:46,091 INFO o.a.j.JMeter: os.arch=x86_64
2018-11-21 08:28:46,091 INFO o.a.j.JMeter: os.version=10.14
2018-11-21 08:28:46,091 INFO o.a.j.JMeter: file.encoding=UTF-8
2018-11-21 08:28:46,091 INFO o.a.j.JMeter: Max memory     =3817865216
2018-11-21 08:28:46,091 INFO o.a.j.JMeter: Available Processors =8
2018-11-21 08:28:46,094 INFO o.a.j.JMeter: Default Locale=English (Canada)
2018-11-21 08:28:46,094 INFO o.a.j.JMeter: JMeter  Locale=English (Canada)
2018-11-21 08:28:46,094 INFO o.a.j.JMeter: JMeterHome=/Users/rocellajimenez/.bzt/jmeter-taurus/4.0
2018-11-21 08:28:46,095 INFO o.a.j.JMeter: user.dir  =/Users/rocellajimenez/Desktop/poc_v2
2018-11-21 08:28:46,095 INFO o.a.j.JMeter: PWD       =/Users/rocellajimenez/Desktop/poc_v2
2018-11-21 08:28:51,103 INFO o.a.j.JMeter: IP: 172.16.0.102 Name: Rocellas-MacBook-Pro.local FullName: 172.16.0.102
2018-11-21 08:28:51,103 INFO o.a.j.JMeter: user.classpath=/Users/rocellajimenez/Desktop/poc_v2/2018-11-21_08-28-17.206310:/Users/rocellajimenez/Desktop/poc_v2/2018-11-21_08-28-17.206310
2018-11-21 08:28:51,103 INFO o.a.j.JMeter: Adding to classpath and loader: /Users/rocellajimenez/Desktop/poc_v2/2018-11-21_08-28-17.206310
2018-11-21 08:28:51,105 INFO o.a.j.JMeter: Adding to classpath and loader: /Users/rocellajimenez/Desktop/poc_v2/2018-11-21_08-28-17.206310
2018-11-21 08:28:51,108 INFO o.a.j.s.FileServer: Default base='/Users/rocellajimenez/Desktop/poc_v2'
2018-11-21 08:28:51,113 INFO o.a.j.s.FileServer: Set new base='/Users/rocellajimenez/Desktop/poc_v2/2018-11-21_08-28-17.206310'
2018-11-21 08:28:51,231 INFO o.a.j.s.SaveService: Testplan (JMX) version: 2.2. Testlog (JTL) version: 2.2
2018-11-21 08:28:51,247 INFO o.a.j.s.SaveService: Using SaveService properties file encoding UTF-8
2018-11-21 08:28:51,251 INFO o.a.j.s.SaveService: Using SaveService properties version 4.0
2018-11-21 08:28:51,256 INFO o.a.j.s.SaveService: Loading file: /Users/rocellajimenez/Desktop/poc_v2/2018-11-21_08-28-17.206310/modified_requests.jmx
2018-11-21 08:28:51,307 INFO o.a.j.p.h.c.CacheManager: Will only cache the following methods: [GET]
2018-11-21 08:28:51,309 INFO o.a.j.p.h.c.CookieManager: Settings: Delete null: true Check: true Allow variable: true Save: false Prefix: COOKIE_
2018-11-21 08:28:51,321 INFO o.a.j.p.h.s.HTTPSamplerBase: Parser for text/html is org.apache.jmeter.protocol.http.parser.LagartoBasedHtmlParser
2018-11-21 08:28:51,321 INFO o.a.j.p.h.s.HTTPSamplerBase: Parser for application/xhtml+xml is org.apache.jmeter.protocol.http.parser.LagartoBasedHtmlParser
2018-11-21 08:28:51,321 INFO o.a.j.p.h.s.HTTPSamplerBase: Parser for application/xml is org.apache.jmeter.protocol.http.parser.LagartoBasedHtmlParser
2018-11-21 08:28:51,321 INFO o.a.j.p.h.s.HTTPSamplerBase: Parser for text/xml is org.apache.jmeter.protocol.http.parser.LagartoBasedHtmlParser
2018-11-21 08:28:51,321 INFO o.a.j.p.h.s.HTTPSamplerBase: Parser for text/vnd.wap.wml is org.apache.jmeter.protocol.http.parser.RegexpHTMLParser
2018-11-21 08:28:51,321 INFO o.a.j.p.h.s.HTTPSamplerBase: Parser for text/css is org.apache.jmeter.protocol.http.parser.CssParser
2018-11-21 08:28:51,340 INFO o.a.j.e.StandardJMeterEngine: Running the test!
2018-11-21 08:28:51,341 INFO o.a.j.s.SampleEvent: List of sample_variables: []
2018-11-21 08:28:51,341 INFO o.a.j.s.SampleEvent: List of sample_variables: []
2018-11-21 08:28:51,345 INFO o.a.j.e.u.CompoundVariable: Note: Function class names must contain the string: '.functions.'
2018-11-21 08:28:51,345 INFO o.a.j.e.u.CompoundVariable: Note: Function class names must not contain the string: '.gui.'
2018-11-21 08:28:51,679 INFO o.a.j.JMeter: Running test (1542806931678)
2018-11-21 08:28:51,727 INFO o.a.j.e.StandardJMeterEngine: Starting ThreadGroup: 1 : simple
2018-11-21 08:28:51,727 INFO o.a.j.e.StandardJMeterEngine: Starting 5 threads for group simple.
2018-11-21 08:28:51,727 INFO o.a.j.e.StandardJMeterEngine: Thread will continue on error
2018-11-21 08:28:51,730 INFO o.a.j.e.StandardJMeterEngine: All thread groups have been started
2018-11-21 08:28:51,731 INFO c.b.j.t.c.ConcurrencyThreadStarter: Start supplying threads
2018-11-21 08:28:53,903 INFO o.a.j.JMeter: Command: Shutdown received from /127.0.0.1
2018-11-21 08:28:53,904 INFO c.b.j.t.c.ConcurrencyThreadStarter: Done supplying threads
2018-11-21 08:28:53,960 INFO o.a.j.e.StandardJMeterEngine: Notifying test listeners of end of test
2018-11-21 08:28:53,962 INFO o.a.j.e.StandardJMeterEngine: Forced JVM shutdown requested at end of test
[2018-11-21 08:28:54,907 DEBUG root] ToolError: Empty results, most likely simple (JMeterExecutor) failed. Actual reason for this can be found in logs under /Users/rocellajimenez/Desktop/poc_v2/2018-11-21_08-28-17.206310
Traceback (most recent call last):
  File "/usr/local/Cellar/bzt/1.13.0/libexec/lib/python2.7/site-packages/bzt/cli.py", line 268, in perform
    self.engine.post_process()
  File "/usr/local/Cellar/bzt/1.13.0/libexec/lib/python2.7/site-packages/bzt/engine.py", line 311, in post_process
    reraise(exc_info, exc_value)
  File "/usr/local/Cellar/bzt/1.13.0/libexec/lib/python2.7/site-packages/bzt/engine.py", line 296, in post_process
    module.post_process()
  File "/usr/local/Cellar/bzt/1.13.0/libexec/lib/python2.7/site-packages/bzt/modules/provisioning.py", line 181, in post_process
    reraise(exc_info, exc_value)
  File "/usr/local/Cellar/bzt/1.13.0/libexec/lib/python2.7/site-packages/bzt/modules/provisioning.py", line 172, in post_process
    raise ToolError(message, diagnostics)
ToolError: Empty results, most likely simple (JMeterExecutor) failed. Actual reason for this can be found in logs under /Users/rocellajimenez/Desktop/poc_v2/2018-11-21_08-28-17.206310
[2018-11-21 08:28:54,907 INFO root] Artifacts dir: /Users/rocellajimenez/Desktop/poc_v2/2018-11-21_08-28-17.206310
[2018-11-21 08:28:54,907 WARNING root] Done performing with code: 1
[2018-11-21 08:28:54,908 DEBUG root] Closing log handler: /Users/rocellajimenez/Desktop/poc_v2/2018-11-21_08-28-17.206310/bzt.log
