2018-11-21 08:28:46,067 INFO o.a.j.u.JMeterUtils: Setting Locale to en_CA
2018-11-21 08:28:46,085 INFO o.a.j.JMeter: Loading user properties from: /Users/rocellajimenez/.bzt/jmeter-taurus/4.0/bin/user.properties
2018-11-21 08:28:46,086 INFO o.a.j.JMeter: Loading system properties from: /Users/rocellajimenez/.bzt/jmeter-taurus/4.0/bin/system.properties
2018-11-21 08:28:46,086 INFO o.a.j.JMeter: Setting System properties from file: /Users/rocellajimenez/Desktop/poc_v2/2018-11-21_08-28-17.206310/system.properties
2018-11-21 08:28:46,090 INFO o.a.j.JMeter: Copyright (c) 1998-2018 The Apache Software Foundation
2018-11-21 08:28:46,091 INFO o.a.j.JMeter: Version 4.0 r1823414
2018-11-21 08:28:46,091 INFO o.a.j.JMeter: java.version=1.8.0_171
2018-11-21 08:28:46,091 INFO o.a.j.JMeter: java.vm.name=Java HotSpot(TM) 64-Bit Server VM
2018-11-21 08:28:46,091 INFO o.a.j.JMeter: os.name=Mac OS X
2018-11-21 08:28:46,091 INFO o.a.j.JMeter: os.arch=x86_64
2018-11-21 08:28:46,091 INFO o.a.j.JMeter: os.version=10.14
2018-11-21 08:28:46,091 INFO o.a.j.JMeter: file.encoding=UTF-8
2018-11-21 08:28:46,091 INFO o.a.j.JMeter: Max memory     =3817865216
2018-11-21 08:28:46,091 INFO o.a.j.JMeter: Available Processors =8
2018-11-21 08:28:46,094 INFO o.a.j.JMeter: Default Locale=English (Canada)
2018-11-21 08:28:46,094 INFO o.a.j.JMeter: JMeter  Locale=English (Canada)
2018-11-21 08:28:46,094 INFO o.a.j.JMeter: JMeterHome=/Users/rocellajimenez/.bzt/jmeter-taurus/4.0
2018-11-21 08:28:46,095 INFO o.a.j.JMeter: user.dir  =/Users/rocellajimenez/Desktop/poc_v2
2018-11-21 08:28:46,095 INFO o.a.j.JMeter: PWD       =/Users/rocellajimenez/Desktop/poc_v2
2018-11-21 08:28:51,103 INFO o.a.j.JMeter: IP: 172.16.0.102 Name: Rocellas-MacBook-Pro.local FullName: 172.16.0.102
2018-11-21 08:28:51,103 INFO o.a.j.JMeter: user.classpath=/Users/rocellajimenez/Desktop/poc_v2/2018-11-21_08-28-17.206310:/Users/rocellajimenez/Desktop/poc_v2/2018-11-21_08-28-17.206310
2018-11-21 08:28:51,103 INFO o.a.j.JMeter: Adding to classpath and loader: /Users/rocellajimenez/Desktop/poc_v2/2018-11-21_08-28-17.206310
2018-11-21 08:28:51,105 INFO o.a.j.JMeter: Adding to classpath and loader: /Users/rocellajimenez/Desktop/poc_v2/2018-11-21_08-28-17.206310
2018-11-21 08:28:51,108 INFO o.a.j.s.FileServer: Default base='/Users/rocellajimenez/Desktop/poc_v2'
2018-11-21 08:28:51,113 INFO o.a.j.s.FileServer: Set new base='/Users/rocellajimenez/Desktop/poc_v2/2018-11-21_08-28-17.206310'
2018-11-21 08:28:51,231 INFO o.a.j.s.SaveService: Testplan (JMX) version: 2.2. Testlog (JTL) version: 2.2
2018-11-21 08:28:51,247 INFO o.a.j.s.SaveService: Using SaveService properties file encoding UTF-8
2018-11-21 08:28:51,251 INFO o.a.j.s.SaveService: Using SaveService properties version 4.0
2018-11-21 08:28:51,256 INFO o.a.j.s.SaveService: Loading file: /Users/rocellajimenez/Desktop/poc_v2/2018-11-21_08-28-17.206310/modified_requests.jmx
2018-11-21 08:28:51,307 INFO o.a.j.p.h.c.CacheManager: Will only cache the following methods: [GET]
2018-11-21 08:28:51,309 INFO o.a.j.p.h.c.CookieManager: Settings: Delete null: true Check: true Allow variable: true Save: false Prefix: COOKIE_
2018-11-21 08:28:51,321 INFO o.a.j.p.h.s.HTTPSamplerBase: Parser for text/html is org.apache.jmeter.protocol.http.parser.LagartoBasedHtmlParser
2018-11-21 08:28:51,321 INFO o.a.j.p.h.s.HTTPSamplerBase: Parser for application/xhtml+xml is org.apache.jmeter.protocol.http.parser.LagartoBasedHtmlParser
2018-11-21 08:28:51,321 INFO o.a.j.p.h.s.HTTPSamplerBase: Parser for application/xml is org.apache.jmeter.protocol.http.parser.LagartoBasedHtmlParser
2018-11-21 08:28:51,321 INFO o.a.j.p.h.s.HTTPSamplerBase: Parser for text/xml is org.apache.jmeter.protocol.http.parser.LagartoBasedHtmlParser
2018-11-21 08:28:51,321 INFO o.a.j.p.h.s.HTTPSamplerBase: Parser for text/vnd.wap.wml is org.apache.jmeter.protocol.http.parser.RegexpHTMLParser
2018-11-21 08:28:51,321 INFO o.a.j.p.h.s.HTTPSamplerBase: Parser for text/css is org.apache.jmeter.protocol.http.parser.CssParser
2018-11-21 08:28:51,340 INFO o.a.j.e.StandardJMeterEngine: Running the test!
2018-11-21 08:28:51,341 INFO o.a.j.s.SampleEvent: List of sample_variables: []
2018-11-21 08:28:51,341 INFO o.a.j.s.SampleEvent: List of sample_variables: []
2018-11-21 08:28:51,345 INFO o.a.j.e.u.CompoundVariable: Note: Function class names must contain the string: '.functions.'
2018-11-21 08:28:51,345 INFO o.a.j.e.u.CompoundVariable: Note: Function class names must not contain the string: '.gui.'
2018-11-21 08:28:51,679 INFO o.a.j.JMeter: Running test (1542806931678)
2018-11-21 08:28:51,727 INFO o.a.j.e.StandardJMeterEngine: Starting ThreadGroup: 1 : simple
2018-11-21 08:28:51,727 INFO o.a.j.e.StandardJMeterEngine: Starting 5 threads for group simple.
2018-11-21 08:28:51,727 INFO o.a.j.e.StandardJMeterEngine: Thread will continue on error
2018-11-21 08:28:51,730 INFO o.a.j.e.StandardJMeterEngine: All thread groups have been started
2018-11-21 08:28:51,731 INFO c.b.j.t.c.ConcurrencyThreadStarter: Start supplying threads
2018-11-21 08:28:53,903 INFO o.a.j.JMeter: Command: Shutdown received from /127.0.0.1
2018-11-21 08:28:53,904 INFO c.b.j.t.c.ConcurrencyThreadStarter: Done supplying threads
2018-11-21 08:28:53,960 INFO o.a.j.e.StandardJMeterEngine: Notifying test listeners of end of test
2018-11-21 08:28:53,962 INFO o.a.j.e.StandardJMeterEngine: Forced JVM shutdown requested at end of test
