[2018-11-20 16:42:53,749 INFO root] Taurus CLI Tool v1.13.0
[2018-11-20 16:42:53,750 DEBUG root] Command-line options: {'verbose': None, 'no_system_configs': None, 'quiet': None, 'log': '/var/folders/_7/c5br59cd02v6qkd_sqxjqtl40000gn/T/bzt_u4SasX.log', 'option': None, 'aliases': []}
[2018-11-20 16:42:53,750 DEBUG root] Python: CPython 2.7.15
[2018-11-20 16:42:53,750 DEBUG root] OS: ('Darwin', 'Rocellas-MacBook-Pro.local', '18.0.0', 'Darwin Kernel Version 18.0.0: Wed Aug 22 20:13:40 PDT 2018; root:xnu-4903.201.2~1/RELEASE_X86_64', 'x86_64', 'i386')
[2018-11-20 16:42:53,750 INFO root] Starting with configs: ['benchmark/scripts/poc_jmeter_2.yml']
[2018-11-20 16:42:53,751 DEBUG root] Using personal config: /Users/rocellajimenez/.bzt-rc
[2018-11-20 16:42:53,751 INFO Engine] Configuring...
[2018-11-20 16:42:53,751 DEBUG Engine] No machine configs dir: /usr/local/Cellar/bzt/1.13.0/libexec/bin/../etc/bzt.d
[2018-11-20 16:42:53,751 DEBUG Engine] Base configs list: ['/usr/local/Cellar/bzt/1.13.0/libexec/lib/python2.7/site-packages/bzt/resources/base-config.yml']
[2018-11-20 16:42:53,751 DEBUG Engine.Configuration] Configs: ['/usr/local/Cellar/bzt/1.13.0/libexec/lib/python2.7/site-packages/bzt/resources/base-config.yml']
[2018-11-20 16:42:53,751 DEBUG Engine.Configuration] Reading /usr/local/Cellar/bzt/1.13.0/libexec/lib/python2.7/site-packages/bzt/resources/base-config.yml as YAML
[2018-11-20 16:42:53,779 DEBUG Engine] User configs list: ['/Users/rocellajimenez/.bzt-rc', 'benchmark/scripts/poc_jmeter_2.yml']
[2018-11-20 16:42:53,779 DEBUG Engine.Configuration] Configs: ['/Users/rocellajimenez/.bzt-rc', 'benchmark/scripts/poc_jmeter_2.yml']
[2018-11-20 16:42:53,779 DEBUG Engine.Configuration] Reading /Users/rocellajimenez/.bzt-rc as YAML
[2018-11-20 16:42:53,783 DEBUG Engine.Configuration] Reading benchmark/scripts/poc_jmeter_2.yml as YAML
[2018-11-20 16:42:53,785 DEBUG Engine.Configuration] Configs: ['/Users/rocellajimenez/.bzt-rc', 'benchmark/scripts/poc_jmeter_2.yml']
[2018-11-20 16:42:53,785 DEBUG Engine.Configuration] Reading /Users/rocellajimenez/.bzt-rc as YAML
[2018-11-20 16:42:53,788 DEBUG Engine.Configuration] Reading benchmark/scripts/poc_jmeter_2.yml as YAML
[2018-11-20 16:42:53,798 DEBUG Engine] Requesting updates info: http://gettaurus.org/updates/?version=1.13.0&installID=macos-8c8590bd2b94
[2018-11-20 16:42:53,798 DEBUG HTTPClient] Making HTTP request GET http://gettaurus.org/updates/?version=1.13.0&installID=macos-8c8590bd2b94
[2018-11-20 16:42:53,798 INFO Engine] Artifacts dir: /Users/rocellajimenez/Desktop/poc_v2/2018-11-20_16-42-53.798691
[2018-11-20 16:42:53,804 DEBUG Engine] New artifact filename: /Users/rocellajimenez/Desktop/poc_v2/2018-11-20_16-42-53.798691/effective
[2018-11-20 16:42:53,805 DEBUG Engine.Configuration] Dumping YAML config into /Users/rocellajimenez/Desktop/poc_v2/2018-11-20_16-42-53.798691/effective.yml
[2018-11-20 16:42:53,825 DEBUG Engine.Configuration] Dumping JSON config into /Users/rocellajimenez/Desktop/poc_v2/2018-11-20_16-42-53.798691/effective.json
[2018-11-20 16:42:53,826 DEBUG Engine] New artifact filename: /Users/rocellajimenez/Desktop/poc_v2/2018-11-20_16-42-53.798691/merged.yml
[2018-11-20 16:42:53,826 DEBUG Engine.Configuration] Dumping YAML config into /Users/rocellajimenez/Desktop/poc_v2/2018-11-20_16-42-53.798691/merged.yml
[2018-11-20 16:42:53,827 DEBUG Engine] New artifact filename: /Users/rocellajimenez/Desktop/poc_v2/2018-11-20_16-42-53.798691/merged.json
[2018-11-20 16:42:53,827 DEBUG Engine.Configuration] Dumping JSON config into /Users/rocellajimenez/Desktop/poc_v2/2018-11-20_16-42-53.798691/merged.json
[2018-11-20 16:42:53,827 DEBUG Engine] Add existing artifact (move=False): benchmark/scripts/poc_jmeter_2.yml
[2018-11-20 16:42:53,828 DEBUG Engine] Copying benchmark/scripts/poc_jmeter_2.yml to /Users/rocellajimenez/Desktop/poc_v2/2018-11-20_16-42-53.798691/poc_jmeter_2.yml
[2018-11-20 16:42:53,828 DEBUG Engine.Environment] Replace 'TAURUS_ARTIFACTS_DIR' in environment
[2018-11-20 16:42:53,828 DEBUG root] Closing log handler: /var/folders/_7/c5br59cd02v6qkd_sqxjqtl40000gn/T/bzt_u4SasX.log
[2018-11-20 16:42:53,829 DEBUG root] Switched writing logs to /Users/rocellajimenez/Desktop/poc_v2/2018-11-20_16-42-53.798691/bzt.log
[2018-11-20 16:42:53,829 DEBUG root] Linting config
[2018-11-20 16:42:53,831 INFO Engine] Preparing...
[2018-11-20 16:42:53,831 DEBUG Engine] Module config: consolidator {'class': u'bzt.modules.aggregator.ConsolidatingAggregator'}
[2018-11-20 16:42:53,831 DEBUG root] Importing module: bzt.modules.aggregator
[2018-11-20 16:42:54,006 DEBUG root] Loading class: 'ConsolidatingAggregator' from <module 'bzt.modules.aggregator' from '/usr/local/Cellar/bzt/1.13.0/libexec/lib/python2.7/site-packages/bzt/modules/aggregator.pyc'>
[2018-11-20 16:42:54,006 DEBUG Engine.consolidator] Buffer scaling setup: percentile 95.0 from [0.0, 50.0, 90.0, 95.0, 99.0, 99.9, 100.0] selected
[2018-11-20 16:42:54,007 DEBUG urllib3.connectionpool] Starting new HTTP connection (1): gettaurus.org:80
[2018-11-20 16:42:54,007 DEBUG Engine] Module config: monitoring {'class': u'bzt.modules.monitoring.Monitoring'}
[2018-11-20 16:42:54,008 DEBUG root] Importing module: bzt.modules.monitoring
[2018-11-20 16:42:54,010 DEBUG root] Loading class: 'Monitoring' from <module 'bzt.modules.monitoring' from '/usr/local/Cellar/bzt/1.13.0/libexec/lib/python2.7/site-packages/bzt/modules/monitoring.pyc'>
[2018-11-20 16:42:54,010 DEBUG Engine] Module config: local {'class': u'bzt.modules.provisioning.Local'}
[2018-11-20 16:42:54,010 DEBUG root] Importing module: bzt.modules.provisioning
[2018-11-20 16:42:54,010 DEBUG root] Loading class: 'Local' from <module 'bzt.modules.provisioning' from '/usr/local/Cellar/bzt/1.13.0/libexec/lib/python2.7/site-packages/bzt/modules/provisioning.pyc'>
[2018-11-20 16:42:54,010 DEBUG Engine] Module config: jmeter {'properties': {'jmeter.save.saveservice.autoflush': u'true', 'jmeter.save.saveservice.connect_time': u'true', 'summariser.name': u'', 'jmeterengine.force.system.exit': u'true'}, 'plugins': [u'jpgc-casutg', u'jpgc-dummy', u'jpgc-ffw', u'jpgc-fifo', u'jpgc-functions', u'jpgc-json', u'jpgc-perfmon', u'jpgc-prmctl', u'jpgc-tst'], 'class': u'bzt.modules.jmeter.JMeterExecutor', 'protocol-handlers': {'http': u'bzt.jmx.http.HTTPProtocolHandler'}}
[2018-11-20 16:42:54,011 DEBUG root] Importing module: bzt.modules.jmeter
[2018-11-20 16:42:54,021 DEBUG root] Loading class: 'JMeterExecutor' from <module 'bzt.modules.jmeter' from '/usr/local/Cellar/bzt/1.13.0/libexec/lib/python2.7/site-packages/bzt/modules/jmeter.pyc'>
[2018-11-20 16:42:54,021 DEBUG Engine.local] Preparing executor: None/4559922320
[2018-11-20 16:42:54,022 DEBUG Engine] New artifact filename: /Users/rocellajimenez/Desktop/poc_v2/2018-11-20_16-42-53.798691/jmeter.log
[2018-11-20 16:42:54,022 DEBUG Engine.jmeter] Checking if port 4445 is free
[2018-11-20 16:42:54,023 DEBUG Engine.jmeter] Port 4445 is free
[2018-11-20 16:42:54,023 DEBUG Engine.jmeter] Using port 4445 for management
[2018-11-20 16:42:54,023 DEBUG Engine.jmeter.JavaVM] Trying JavaVM: ['java', '-version']
[2018-11-20 16:42:54,124 DEBUG Engine.jmeter.JavaVM] JavaVM output: java version "1.8.0_171"
Java(TM) SE Runtime Environment (build 1.8.0_171-b11)
Java HotSpot(TM) 64-Bit Server VM (build 25.171-b11, mixed mode)
[2018-11-20 16:42:54,124 DEBUG Engine.jmeter.TclLibrary] We don't need to check tcl library on this platform
[2018-11-20 16:42:54,124 DEBUG Engine.jmeter.JMeter] Trying jmeter: /Users/rocellajimenez/.bzt/jmeter-taurus/4.0/bin/jmeter.sh
[2018-11-20 16:42:54,125 DEBUG bzt.utils] Executing shell: ['/Users/rocellajimenez/.bzt/jmeter-taurus/4.0/bin/jmeter.sh', '-j', '/var/folders/_7/c5br59cd02v6qkd_sqxjqtl40000gn/T/jmeterzA8RLVlog', '--version'] at .
[2018-11-20 16:42:54,567 DEBUG urllib3.connectionpool] http://gettaurus.org:80 "GET /updates/?version=1.13.0&installID=macos-8c8590bd2b94 HTTP/1.1" 200 59
[2018-11-20 16:42:54,568 DEBUG Engine] Taurus updates info: {u'needsUpgrade': True, u'latest': u'1.13.1'}
[2018-11-20 16:42:54,569 WARNING Engine] There is newer version of Taurus 1.13.1 available, consider upgrading. What's new: http://gettaurus.org/docs/Changelog/
[2018-11-20 16:43:05,358 DEBUG Engine.jmeter.JMeter] JMeter check:     _    ____   _    ____ _   _ _____       _ __  __ _____ _____ _____ ____     
   / \  |  _ \ / \  / ___| | | | ____|     | |  \/  | ____|_   _| ____|  _ \   
  / _ \ | |_) / _ \| |   | |_| |  _|    _  | | |\/| |  _|   | | |  _| | |_) | 
 / ___ \|  __/ ___ \ |___|  _  | |___  | |_| | |  | | |___  | | | |___|  _ <  
/_/   \_\_| /_/   \_\____|_| |_|_____|  \___/|_|  |_|_____| |_| |_____|_| \_\ 4.0 r1823414  

Copyright (c) 1999-2018 The Apache Software Foundation

 / None
[2018-11-20 16:43:05,358 DEBUG Engine] New artifact filename: /Users/rocellajimenez/Desktop/poc_v2/2018-11-20_16-42-53.798691/requests.jmx
[2018-11-20 16:43:05,360 DEBUG root] Importing module: bzt.jmx.http
[2018-11-20 16:43:05,361 DEBUG root] Loading class: 'HTTPProtocolHandler' from <module 'bzt.jmx.http' from '/usr/local/Cellar/bzt/1.13.0/libexec/lib/python2.7/site-packages/bzt/jmx/http.pyc'>
[2018-11-20 16:43:05,364 DEBUG JMeterScenarioBuilder] Saving JMX to: /Users/rocellajimenez/Desktop/poc_v2/2018-11-20_16-42-53.798691/requests.jmx
[2018-11-20 16:43:05,364 DEBUG Engine.jmeter] Load: LoadSpec(concurrency=5, throughput=None, ramp_up=60.0, hold=90.0, iterations=0, duration=150.0, steps=None)
[2018-11-20 16:43:05,366 DEBUG Engine] New artifact filename: /Users/rocellajimenez/Desktop/poc_v2/2018-11-20_16-42-53.798691/kpi.jtl
[2018-11-20 16:43:05,367 DEBUG Engine] New artifact filename: /Users/rocellajimenez/Desktop/poc_v2/2018-11-20_16-42-53.798691/error.jtl
[2018-11-20 16:43:05,371 DEBUG Engine.jmeter.LoadSettingsProcessor.ThreadGroupHandler] Converting ThreadGroup (simple) to ConcurrencyThreadGroup and apply load parameters
[2018-11-20 16:43:05,372 DEBUG Engine] New artifact filename: /Users/rocellajimenez/Desktop/poc_v2/2018-11-20_16-42-53.798691/modified_requests.jmx
[2018-11-20 16:43:05,372 DEBUG JMX] Saving JMX to: /Users/rocellajimenez/Desktop/poc_v2/2018-11-20_16-42-53.798691/modified_requests.jmx
[2018-11-20 16:43:05,373 DEBUG Engine.jmeter] Additional properties: {'jmeter.save.saveservice.autoflush': u'true', 'jmeter.save.saveservice.connect_time': u'true', 'user.classpath': '/Users/rocellajimenez/Desktop/poc_v2/2018-11-20_16-42-53.798691:/Users/rocellajimenez/Desktop/poc_v2/2018-11-20_16-42-53.798691', 'sampleresult.default.encoding': 'UTF-8', 'summariser.name': u'', 'jmeterengine.force.system.exit': u'true', 'jmeter.save.saveservice.timestamp_format': 'ms', 'jmeterengine.nongui.maxport': 4445, 'jmeterengine.nongui.port': 4445}
[2018-11-20 16:43:05,373 DEBUG Engine] New artifact filename: /Users/rocellajimenez/Desktop/poc_v2/2018-11-20_16-42-53.798691/jmeter-bzt.properties
[2018-11-20 16:43:05,373 DEBUG Engine.jmeter] Additional system properties {'sun.net.inetaddr.ttl': 0}
[2018-11-20 16:43:05,373 DEBUG Engine] New artifact filename: /Users/rocellajimenez/Desktop/poc_v2/2018-11-20_16-42-53.798691/system.properties
[2018-11-20 16:43:05,373 DEBUG Engine.jmeter.JMeter] Passing JVM_ARGS: ''
[2018-11-20 16:43:05,373 DEBUG bzt.utils] Executing shell: ['/Users/rocellajimenez/.bzt/jmeter-taurus/4.0/bin/PluginsManagerCMD.sh', 'install-for-jmx', '/Users/rocellajimenez/Desktop/poc_v2/2018-11-20_16-42-53.798691/modified_requests.jmx'] at .
[2018-11-20 16:43:17,235 DEBUG Engine.jmeter.JMeter] Try to detect plugins for /Users/rocellajimenez/Desktop/poc_v2/2018-11-20_16-42-53.798691/modified_requests.jmx
2018-11-20 16:43:11,050 INFO o.j.r.PluginManagerCMD: Command is: install-for-jmx
2018-11-20 16:43:16,190 INFO o.j.r.JARSourceHTTP: Found cached repo
2018-11-20 16:43:16,383 INFO o.j.r.PluginManager: Plugins Status: [jpgc-functions=2.1, jpgc-casutg=2.5, jpgc-dummy=0.2, jpgc-ffw=2.0, jpgc-fifo=0.2, jpgc-json=2.6, jpgc-prmctl=0.4, jpgc-perfmon=2.1, jpgc-plugins-manager=1.3, jpgc-tst=2.5, jmeter-core=4.0, jmeter-ftp=4.0, jmeter-http=4.0, jmeter-jdbc=4.0, jmeter-jms=4.0, jmeter-junit=4.0, jmeter-java=4.0, jmeter-ldap=4.0, jmeter-mail=4.0, jmeter-mongodb=4.0, jmeter-native=4.0, jmeter-tcp=4.0, jmeter-components=4.0]
2018-11-20 16:43:16,385 INFO o.j.r.PluginManagerCMD: Params line is: /Users/rocellajimenez/Desktop/poc_v2/2018-11-20_16-42-53.798691/modified_requests.jmx
2018-11-20 16:43:16,650 INFO o.a.j.s.SaveService: Testplan (JMX) version: 2.2. Testlog (JTL) version: 2.2
2018-11-20 16:43:16,666 INFO o.a.j.s.SaveService: Using SaveService properties file encoding UTF-8
2018-11-20 16:43:16,671 INFO o.a.j.s.SaveService: Using SaveService properties version 4.0
2018-11-20 16:43:16,713 INFO o.a.j.p.h.c.CacheManager: Will only cache the following methods: [GET]
2018-11-20 16:43:16,718 INFO o.a.j.p.h.c.CookieManager: Settings: Delete null: true Check: true Allow variable: true Save: false Prefix: COOKIE_
2018-11-20 16:43:16,723 WARN o.a.j.u.JMeterUtils: ERROR! Resource string not found: [option]
2018-11-20 16:43:16,723 WARN o.a.j.u.JMeterUtils: ERROR! Resource string not found: [add]
2018-11-20 16:43:16,723 WARN o.a.j.u.JMeterUtils: ERROR! Resource string not found: [add_host]
2018-11-20 16:43:16,723 WARN o.a.j.u.JMeterUtils: ERROR! Resource string not found: [delete]
2018-11-20 16:43:16,723 WARN o.a.j.u.JMeterUtils: ERROR! Resource string not found: [delete_host]
2018-11-20 16:43:16,723 WARN o.a.j.u.JMeterUtils: ERROR! Resource string not found: [use_system_dns_resolver]
2018-11-20 16:43:16,723 WARN o.a.j.u.JMeterUtils: ERROR! Resource string not found: [use_custom_dns_resolver]
2018-11-20 16:43:16,723 WARN o.a.j.u.JMeterUtils: ERROR! Resource string not found: [dns_hostname_or_ip]
2018-11-20 16:43:16,724 WARN o.a.j.u.JMeterUtils: ERROR! Resource string not found: [dns_host]
2018-11-20 16:43:16,724 WARN o.a.j.u.JMeterUtils: ERROR! Resource string not found: [dns_hostname_or_ip]
2018-11-20 16:43:16,765 INFO o.a.j.p.h.s.HTTPSamplerBase: Parser for text/html is org.apache.jmeter.protocol.http.parser.LagartoBasedHtmlParser
2018-11-20 16:43:16,765 INFO o.a.j.p.h.s.HTTPSamplerBase: Parser for application/xhtml+xml is org.apache.jmeter.protocol.http.parser.LagartoBasedHtmlParser
2018-11-20 16:43:16,765 INFO o.a.j.p.h.s.HTTPSamplerBase: Parser for application/xml is org.apache.jmeter.protocol.http.parser.LagartoBasedHtmlParser
2018-11-20 16:43:16,765 INFO o.a.j.p.h.s.HTTPSamplerBase: Parser for text/xml is org.apache.jmeter.protocol.http.parser.LagartoBasedHtmlParser
2018-11-20 16:43:16,765 INFO o.a.j.p.h.s.HTTPSamplerBase: Parser for text/vnd.wap.wml is org.apache.jmeter.protocol.http.parser.RegexpHTMLParser
2018-11-20 16:43:16,766 INFO o.a.j.p.h.s.HTTPSamplerBase: Parser for text/css is org.apache.jmeter.protocol.http.parser.CssParser
2018-11-20 16:43:16,849 INFO o.j.r.PluginManager: Finishing without changes


[2018-11-20 16:43:17,236 DEBUG Engine] New artifact filename: /Users/rocellajimenez/Desktop/poc_v2/2018-11-20_16-42-53.798691/jmeter.out
[2018-11-20 16:43:17,236 DEBUG Engine] New artifact filename: /Users/rocellajimenez/Desktop/poc_v2/2018-11-20_16-42-53.798691/jmeter.err
[2018-11-20 16:43:17,237 DEBUG Engine] Module config: final-stats {'class': u'bzt.modules.reporting.FinalStatus'}
[2018-11-20 16:43:17,237 DEBUG root] Importing module: bzt.modules.reporting
[2018-11-20 16:43:17,256 DEBUG easyprocess] version=0.2.3
[2018-11-20 16:43:17,259 DEBUG pyvirtualdisplay] version=0.2.1
[2018-11-20 16:43:17,261 DEBUG root] Loading class: 'FinalStatus' from <module 'bzt.modules.reporting' from '/usr/local/Cellar/bzt/1.13.0/libexec/lib/python2.7/site-packages/bzt/modules/reporting.pyc'>
[2018-11-20 16:43:17,261 DEBUG Engine] Module config: console {'class': u'bzt.modules.console.ConsoleStatusReporter'}
[2018-11-20 16:43:17,261 DEBUG root] Importing module: bzt.modules.console
[2018-11-20 16:43:17,261 DEBUG root] Loading class: 'ConsoleStatusReporter' from <module 'bzt.modules.console' from '/usr/local/Cellar/bzt/1.13.0/libexec/lib/python2.7/site-packages/bzt/modules/console.pyc'>
[2018-11-20 16:43:17,269 DEBUG Engine.Configuration] Dumping YAML config into /Users/rocellajimenez/Desktop/poc_v2/2018-11-20_16-42-53.798691/effective.yml
[2018-11-20 16:43:17,289 DEBUG Engine.Configuration] Dumping JSON config into /Users/rocellajimenez/Desktop/poc_v2/2018-11-20_16-42-53.798691/effective.json
[2018-11-20 16:43:17,290 INFO Engine] Starting...
[2018-11-20 16:43:17,290 DEBUG Engine] Startup <bzt.modules.monitoring.Monitoring object at 0x10e0e3b10>
[2018-11-20 16:43:17,290 DEBUG Engine] Startup <bzt.modules.aggregator.ConsolidatingAggregator object at 0x10e0e3bd0>
[2018-11-20 16:43:17,290 DEBUG Engine] Startup <bzt.modules.reporting.FinalStatus object at 0x10fc6c210>
[2018-11-20 16:43:17,290 DEBUG Engine] Startup <bzt.modules.console.ConsoleStatusReporter object at 0x10fe38990>
[2018-11-20 16:43:17,290 INFO Engine.console] Waiting for results...
[2018-11-20 16:43:17,290 DEBUG Engine] Startup <bzt.modules.provisioning.Local object at 0x10fc82110>
[2018-11-20 16:43:17,291 DEBUG Engine.local] Delay setup for None/simple: 0(start-at) + 0(delay) = 0
[2018-11-20 16:43:17,292 DEBUG Engine.Configuration] Dumping YAML config into /Users/rocellajimenez/Desktop/poc_v2/2018-11-20_16-42-53.798691/effective.yml
[2018-11-20 16:43:17,312 DEBUG Engine.Configuration] Dumping JSON config into /Users/rocellajimenez/Desktop/poc_v2/2018-11-20_16-42-53.798691/effective.json
[2018-11-20 16:43:17,313 DEBUG root] Leveling down log file verbosity to INFO, use -v option to have DEBUG messages enabled
[2018-11-20 16:43:17,313 DEBUG root] Leveled up log file verbosity
[2018-11-20 16:43:17,314 DEBUG bzt.utils] Executing shell: ['/Users/rocellajimenez/.bzt/jmeter-taurus/4.0/bin/jmeter.sh', '-n', '-t', '/Users/rocellajimenez/Desktop/poc_v2/2018-11-20_16-42-53.798691/modified_requests.jmx', '-j', '/Users/rocellajimenez/Desktop/poc_v2/2018-11-20_16-42-53.798691/jmeter.log', '-q', '/Users/rocellajimenez/Desktop/poc_v2/2018-11-20_16-42-53.798691/jmeter-bzt.properties', '-S', '/Users/rocellajimenez/Desktop/poc_v2/2018-11-20_16-42-53.798691/system.properties'] at /Users/rocellajimenez/Desktop/poc_v2
[2018-11-20 16:43:17,325 DEBUG root] Leveling down log file verbosity to INFO, use -v option to have DEBUG messages enabled
[2018-11-20 16:43:17,544 INFO Engine.console] Waiting for finish...
[2018-11-20 16:43:37,844 WARNING Engine] Please wait for graceful shutdown...
[2018-11-20 16:43:37,848 DEBUG root] Leveled up log file verbosity
[2018-11-20 16:43:37,848 INFO Engine] Shutting down...
[2018-11-20 16:43:37,851 DEBUG Engine] Current stop reason: 
[2018-11-20 16:43:37,851 DEBUG Engine.local] Shutdown None/simple
[2018-11-20 16:43:38,036 DEBUG Engine.local] Exception in shutdown of JMeterExecutor:  Traceback (most recent call last):
  File "/usr/local/Cellar/bzt/1.13.0/libexec/lib/python2.7/site-packages/bzt/modules/provisioning.py", line 144, in shutdown
    executor.shutdown()
  File "/usr/local/Cellar/bzt/1.13.0/libexec/lib/python2.7/site-packages/bzt/modules/jmeter.py", line 429, in shutdown
    if self._process_stopped(1):
  File "/usr/local/Cellar/bzt/1.13.0/libexec/lib/python2.7/site-packages/bzt/modules/jmeter.py", line 473, in _process_stopped
    time.sleep(self.engine.check_interval)
KeyboardInterrupt

[2018-11-20 16:43:38,036 DEBUG Engine] :
Traceback (most recent call last):
  File "/usr/local/Cellar/bzt/1.13.0/libexec/lib/python2.7/site-packages/bzt/engine.py", line 272, in _shutdown
    module.shutdown()
  File "/usr/local/Cellar/bzt/1.13.0/libexec/lib/python2.7/site-packages/bzt/modules/provisioning.py", line 153, in shutdown
    reraise(exc_info, exc_value)
  File "/usr/local/Cellar/bzt/1.13.0/libexec/lib/python2.7/site-packages/bzt/modules/provisioning.py", line 144, in shutdown
    executor.shutdown()
  File "/usr/local/Cellar/bzt/1.13.0/libexec/lib/python2.7/site-packages/bzt/modules/jmeter.py", line 429, in shutdown
    if self._process_stopped(1):
  File "/usr/local/Cellar/bzt/1.13.0/libexec/lib/python2.7/site-packages/bzt/modules/jmeter.py", line 473, in _process_stopped
    time.sleep(self.engine.check_interval)
KeyboardInterrupt

[2018-11-20 16:43:38,037 DEBUG Engine.console] Restoring logging streams, [<logging.StreamHandler object at 0x10e096c90>]/{<logging.StreamHandler object at 0x10e096c90>: <open file '<stdout>', mode 'w' at 0x10cbe8150>}
[2018-11-20 16:43:38,040 DEBUG Engine.Configuration] Dumping YAML config into /Users/rocellajimenez/Desktop/poc_v2/2018-11-20_16-42-53.798691/effective.yml
[2018-11-20 16:43:38,064 DEBUG Engine.Configuration] Dumping JSON config into /Users/rocellajimenez/Desktop/poc_v2/2018-11-20_16-42-53.798691/effective.json
[2018-11-20 16:43:38,065 DEBUG Engine] :
Traceback (most recent call last):
  File "/usr/local/Cellar/bzt/1.13.0/libexec/lib/python2.7/site-packages/bzt/engine.py", line 215, in run
    self._shutdown()
  File "/usr/local/Cellar/bzt/1.13.0/libexec/lib/python2.7/site-packages/bzt/engine.py", line 282, in _shutdown
    reraise(exc_info, exc_value)
  File "/usr/local/Cellar/bzt/1.13.0/libexec/lib/python2.7/site-packages/bzt/engine.py", line 272, in _shutdown
    module.shutdown()
  File "/usr/local/Cellar/bzt/1.13.0/libexec/lib/python2.7/site-packages/bzt/modules/provisioning.py", line 153, in shutdown
    reraise(exc_info, exc_value)
  File "/usr/local/Cellar/bzt/1.13.0/libexec/lib/python2.7/site-packages/bzt/modules/provisioning.py", line 144, in shutdown
    executor.shutdown()
  File "/usr/local/Cellar/bzt/1.13.0/libexec/lib/python2.7/site-packages/bzt/modules/jmeter.py", line 429, in shutdown
    if self._process_stopped(1):
  File "/usr/local/Cellar/bzt/1.13.0/libexec/lib/python2.7/site-packages/bzt/modules/jmeter.py", line 473, in _process_stopped
    time.sleep(self.engine.check_interval)
KeyboardInterrupt

[2018-11-20 16:43:38,065 WARNING root] Keyboard interrupt
[2018-11-20 16:43:38,065 DEBUG root] KeyboardInterrupt: 
Traceback (most recent call last):
  File "/usr/local/Cellar/bzt/1.13.0/libexec/lib/python2.7/site-packages/bzt/cli.py", line 261, in perform
    self.engine.run()
  File "/usr/local/Cellar/bzt/1.13.0/libexec/lib/python2.7/site-packages/bzt/engine.py", line 226, in run
    reraise(exc_info, exc_value)
  File "/usr/local/Cellar/bzt/1.13.0/libexec/lib/python2.7/site-packages/bzt/engine.py", line 206, in run
    self._wait()
  File "/usr/local/Cellar/bzt/1.13.0/libexec/lib/python2.7/site-packages/bzt/engine.py", line 254, in _wait
    time.sleep(delay)
KeyboardInterrupt
[2018-11-20 16:43:38,065 INFO Engine] Post-processing...
[2018-11-20 16:43:38,065 DEBUG Engine.local] Post-process None/simple
[2018-11-20 16:43:38,066 DEBUG Engine] Add existing artifact (move=True): /Users/rocellajimenez/Desktop/poc_v2/2018-11-20_16-42-53.798691/modified_requests.jmx
[2018-11-20 16:43:38,066 DEBUG Engine] No need to copy /Users/rocellajimenez/Desktop/poc_v2/2018-11-20_16-42-53.798691/modified_requests.jmx
[2018-11-20 16:43:38,066 DEBUG Engine.local] Exception in post_process of JMeterExecutor: Empty results, most likely simple (JMeterExecutor) failed. Actual reason for this can be found in logs under /Users/rocellajimenez/Desktop/poc_v2/2018-11-20_16-42-53.798691 Traceback (most recent call last):
  File "/usr/local/Cellar/bzt/1.13.0/libexec/lib/python2.7/site-packages/bzt/modules/provisioning.py", line 172, in post_process
    raise ToolError(message, diagnostics)
ToolError: Empty results, most likely simple (JMeterExecutor) failed. Actual reason for this can be found in logs under /Users/rocellajimenez/Desktop/poc_v2/2018-11-20_16-42-53.798691

[2018-11-20 16:43:38,067 DEBUG Engine] post_process: Empty results, most likely simple (JMeterExecutor) failed. Actual reason for this can be found in logs under /Users/rocellajimenez/Desktop/poc_v2/2018-11-20_16-42-53.798691
Traceback (most recent call last):
  File "/usr/local/Cellar/bzt/1.13.0/libexec/lib/python2.7/site-packages/bzt/engine.py", line 296, in post_process
    module.post_process()
  File "/usr/local/Cellar/bzt/1.13.0/libexec/lib/python2.7/site-packages/bzt/modules/provisioning.py", line 181, in post_process
    reraise(exc_info, exc_value)
  File "/usr/local/Cellar/bzt/1.13.0/libexec/lib/python2.7/site-packages/bzt/modules/provisioning.py", line 172, in post_process
    raise ToolError(message, diagnostics)
ToolError: Empty results, most likely simple (JMeterExecutor) failed. Actual reason for this can be found in logs under /Users/rocellajimenez/Desktop/poc_v2/2018-11-20_16-42-53.798691

[2018-11-20 16:43:38,067 DEBUG Engine.jmeter.JTLErrorsReader.FileReader] File is empty: /Users/rocellajimenez/Desktop/poc_v2/2018-11-20_16-42-53.798691/error.jtl
[2018-11-20 16:43:38,067 DEBUG Engine.jmeter.JTLReader.IncrementalCSVReader.FileReader] Reading: /Users/rocellajimenez/Desktop/poc_v2/2018-11-20_16-42-53.798691/kpi.jtl
[2018-11-20 16:43:38,067 DEBUG Engine.jmeter.JTLReader.IncrementalCSVReader] Read: 1 lines / 110 bytes (at speed 1048576)
[2018-11-20 16:43:38,067 DEBUG Engine.jmeter.JTLReader] Buffer len: 1; Known errors count: 0
[2018-11-20 16:43:38,067 DEBUG Engine.jmeter.JTLReader] Aggregating: 1542750215
[2018-11-20 16:43:38,069 DEBUG Engine.consolidator] Consolidator buffer[1]: [1542750215]
[2018-11-20 16:43:38,069 DEBUG Engine.consolidator] Merging into 1542750215
[2018-11-20 16:43:38,069 DEBUG Engine.consolidator] Merging 1542750215
[2018-11-20 16:43:38,075 DEBUG Engine.consolidator] Processed datapoint: 1542750215/None
[2018-11-20 16:43:38,075 INFO Engine.final-stats] Test duration: 0:00:21
[2018-11-20 16:43:38,075 INFO Engine.final-stats] Samples count: 1, 0.00% failures
[2018-11-20 16:43:38,075 INFO Engine.final-stats] Average times: total 1.083, latency 0.499, connect 0.331
[2018-11-20 16:43:38,076 INFO Engine.final-stats] Percentiles:
(0lqqqqqqqqqqqqqqqwqqqqqqqqqqqqqqqk(B
(0x(B Percentile, % (0x(B Resp. Time, s (0x(B
(0tqqqqqqqqqqqqqqqnqqqqqqqqqqqqqqqu(B
(0x(B           0.0 (0x(B         1.083 (0x(B
(0x(B          50.0 (0x(B         1.083 (0x(B
(0x(B          90.0 (0x(B         1.083 (0x(B
(0x(B          95.0 (0x(B         1.083 (0x(B
(0x(B          99.0 (0x(B         1.083 (0x(B
(0x(B          99.9 (0x(B         1.083 (0x(B
(0x(B         100.0 (0x(B         1.083 (0x(B
(0mqqqqqqqqqqqqqqqvqqqqqqqqqqqqqqqj(B
[2018-11-20 16:43:38,078 INFO Engine.final-stats] Request label stats:
(0lqqqqqqqqqqqqqqqqqqqqqqqwqqqqqqqqwqqqqqqqqqwqqqqqqqqwqqqqqqqk(B
(0x(B label                 (0x(B status (0x(B    succ (0x(B avg_rt (0x(B error (0x(B
(0tqqqqqqqqqqqqqqqqqqqqqqqnqqqqqqqqnqqqqqqqqqnqqqqqqqqnqqqqqqqu(B
(0x(B http://blazedemo.com/ (0x(B   OK   (0x(B 100.00% (0x(B  1.083 (0x(B       (0x(B
(0mqqqqqqqqqqqqqqqqqqqqqqqvqqqqqqqqvqqqqqqqqqvqqqqqqqqvqqqqqqqj(B
[2018-11-20 16:43:38,078 DEBUG Engine.console] No logger_handler or orig_stream was detected
[2018-11-20 16:43:38,080 DEBUG Engine.Configuration] Dumping YAML config into /Users/rocellajimenez/Desktop/poc_v2/2018-11-20_16-42-53.798691/effective.yml
[2018-11-20 16:43:38,101 DEBUG Engine.Configuration] Dumping JSON config into /Users/rocellajimenez/Desktop/poc_v2/2018-11-20_16-42-53.798691/effective.json
[2018-11-20 16:43:38,102 DEBUG root] Child Process Error: Empty results, most likely simple (JMeterExecutor) failed. Actual reason for this can be found in logs under /Users/rocellajimenez/Desktop/poc_v2/2018-11-20_16-42-53.798691
[2018-11-20 16:43:38,102 DEBUG root] JMeter STDOUT:
Created the tree successfully using /Users/rocellajimenez/Desktop/poc_v2/2018-11-20_16-42-53.798691/modified_requests.jmx
Starting the test @ Tue Nov 20 16:43:28 EST 2018 (1542750208551)
Waiting for possible Shutdown/StopTestNow/Heapdump message on port 4445
[2018-11-20 16:43:38,102 DEBUG root] JMeter log:
2018-11-20 16:43:23,241 INFO o.a.j.u.JMeterUtils: Setting Locale to en_CA
2018-11-20 16:43:23,259 INFO o.a.j.JMeter: Loading user properties from: /Users/rocellajimenez/.bzt/jmeter-taurus/4.0/bin/user.properties
2018-11-20 16:43:23,260 INFO o.a.j.JMeter: Loading system properties from: /Users/rocellajimenez/.bzt/jmeter-taurus/4.0/bin/system.properties
2018-11-20 16:43:23,260 INFO o.a.j.JMeter: Setting System properties from file: /Users/rocellajimenez/Desktop/poc_v2/2018-11-20_16-42-53.798691/system.properties
2018-11-20 16:43:23,265 INFO o.a.j.JMeter: Copyright (c) 1998-2018 The Apache Software Foundation
2018-11-20 16:43:23,265 INFO o.a.j.JMeter: Version 4.0 r1823414
2018-11-20 16:43:23,265 INFO o.a.j.JMeter: java.version=1.8.0_171
2018-11-20 16:43:23,265 INFO o.a.j.JMeter: java.vm.name=Java HotSpot(TM) 64-Bit Server VM
2018-11-20 16:43:23,265 INFO o.a.j.JMeter: os.name=Mac OS X
2018-11-20 16:43:23,265 INFO o.a.j.JMeter: os.arch=x86_64
2018-11-20 16:43:23,265 INFO o.a.j.JMeter: os.version=10.14
2018-11-20 16:43:23,265 INFO o.a.j.JMeter: file.encoding=UTF-8
2018-11-20 16:43:23,265 INFO o.a.j.JMeter: Max memory     =3817865216
2018-11-20 16:43:23,265 INFO o.a.j.JMeter: Available Processors =8
2018-11-20 16:43:23,268 INFO o.a.j.JMeter: Default Locale=English (Canada)
2018-11-20 16:43:23,269 INFO o.a.j.JMeter: JMeter  Locale=English (Canada)
2018-11-20 16:43:23,269 INFO o.a.j.JMeter: JMeterHome=/Users/rocellajimenez/.bzt/jmeter-taurus/4.0
2018-11-20 16:43:23,269 INFO o.a.j.JMeter: user.dir  =/Users/rocellajimenez/Desktop/poc_v2
2018-11-20 16:43:23,269 INFO o.a.j.JMeter: PWD       =/Users/rocellajimenez/Desktop/poc_v2
2018-11-20 16:43:28,273 INFO o.a.j.JMeter: IP: 192.168.1.103 Name: Rocellas-MacBook-Pro.local FullName: 192.168.1.103
2018-11-20 16:43:28,273 INFO o.a.j.JMeter: user.classpath=/Users/rocellajimenez/Desktop/poc_v2/2018-11-20_16-42-53.798691:/Users/rocellajimenez/Desktop/poc_v2/2018-11-20_16-42-53.798691
2018-11-20 16:43:28,274 INFO o.a.j.JMeter: Adding to classpath and loader: /Users/rocellajimenez/Desktop/poc_v2/2018-11-20_16-42-53.798691
2018-11-20 16:43:28,275 INFO o.a.j.JMeter: Adding to classpath and loader: /Users/rocellajimenez/Desktop/poc_v2/2018-11-20_16-42-53.798691
2018-11-20 16:43:28,279 INFO o.a.j.s.FileServer: Default base='/Users/rocellajimenez/Desktop/poc_v2'
2018-11-20 16:43:28,283 INFO o.a.j.s.FileServer: Set new base='/Users/rocellajimenez/Desktop/poc_v2/2018-11-20_16-42-53.798691'
2018-11-20 16:43:28,415 INFO o.a.j.s.SaveService: Testplan (JMX) version: 2.2. Testlog (JTL) version: 2.2
2018-11-20 16:43:28,433 INFO o.a.j.s.SaveService: Using SaveService properties file encoding UTF-8
2018-11-20 16:43:28,437 INFO o.a.j.s.SaveService: Using SaveService properties version 4.0
2018-11-20 16:43:28,444 INFO o.a.j.s.SaveService: Loading file: /Users/rocellajimenez/Desktop/poc_v2/2018-11-20_16-42-53.798691/modified_requests.jmx
2018-11-20 16:43:28,509 INFO o.a.j.p.h.c.CacheManager: Will only cache the following methods: [GET]
2018-11-20 16:43:28,511 INFO o.a.j.p.h.c.CookieManager: Settings: Delete null: true Check: true Allow variable: true Save: false Prefix: COOKIE_
2018-11-20 16:43:28,529 INFO o.a.j.p.h.s.HTTPSamplerBase: Parser for text/html is org.apache.jmeter.protocol.http.parser.LagartoBasedHtmlParser
2018-11-20 16:43:28,529 INFO o.a.j.p.h.s.HTTPSamplerBase: Parser for application/xhtml+xml is org.apache.jmeter.protocol.http.parser.LagartoBasedHtmlParser
2018-11-20 16:43:28,529 INFO o.a.j.p.h.s.HTTPSamplerBase: Parser for application/xml is org.apache.jmeter.protocol.http.parser.LagartoBasedHtmlParser
2018-11-20 16:43:28,529 INFO o.a.j.p.h.s.HTTPSamplerBase: Parser for text/xml is org.apache.jmeter.protocol.http.parser.LagartoBasedHtmlParser
2018-11-20 16:43:28,530 INFO o.a.j.p.h.s.HTTPSamplerBase: Parser for text/vnd.wap.wml is org.apache.jmeter.protocol.http.parser.RegexpHTMLParser
2018-11-20 16:43:28,530 INFO o.a.j.p.h.s.HTTPSamplerBase: Parser for text/css is org.apache.jmeter.protocol.http.parser.CssParser
2018-11-20 16:43:28,552 INFO o.a.j.e.StandardJMeterEngine: Running the test!
2018-11-20 16:43:28,553 INFO o.a.j.s.SampleEvent: List of sample_variables: []
2018-11-20 16:43:28,553 INFO o.a.j.s.SampleEvent: List of sample_variables: []
2018-11-20 16:43:28,558 INFO o.a.j.e.u.CompoundVariable: Note: Function class names must contain the string: '.functions.'
2018-11-20 16:43:28,558 INFO o.a.j.e.u.CompoundVariable: Note: Function class names must not contain the string: '.gui.'
2018-11-20 16:43:28,957 INFO o.a.j.JMeter: Running test (1542750208957)
2018-11-20 16:43:29,004 INFO o.a.j.e.StandardJMeterEngine: Starting ThreadGroup: 1 : simple
2018-11-20 16:43:29,005 INFO o.a.j.e.StandardJMeterEngine: Starting 5 threads for group simple.
2018-11-20 16:43:29,005 INFO o.a.j.e.StandardJMeterEngine: Thread will continue on error
2018-11-20 16:43:29,010 INFO o.a.j.e.StandardJMeterEngine: All thread groups have been started
2018-11-20 16:43:29,010 INFO c.b.j.t.c.ConcurrencyThreadStarter: Start supplying threads
2018-11-20 16:43:35,015 INFO o.a.j.s.SampleResult: Note: Sample TimeStamps are START times
2018-11-20 16:43:35,015 INFO o.a.j.s.SampleResult: sampleresult.default.encoding is set to UTF-8
2018-11-20 16:43:35,015 INFO o.a.j.s.SampleResult: sampleresult.useNanoTime=true
2018-11-20 16:43:35,016 INFO o.a.j.s.SampleResult: sampleresult.nanoThreadSleep=5000
2018-11-20 16:43:35,016 INFO o.a.j.t.JMeterThread: Thread started: simple 1-1
2018-11-20 16:43:35,807 INFO o.a.j.p.h.s.HTTPHCAbstractImpl: Local host = Rocellas-MacBook-Pro.local
2018-11-20 16:43:35,812 INFO o.a.j.p.h.s.HTTPHC4Impl: HTTP request retry count = 0
2018-11-20 16:43:36,364 INFO o.a.j.p.h.p.BaseParser: Created org.apache.jmeter.protocol.http.parser.LagartoBasedHtmlParser
2018-11-20 16:43:36,410 INFO o.a.j.p.h.s.ResourcesDownloader: Creating ResourcesDownloader with keepalive_inseconds : 60
2018-11-20 16:43:36,963 INFO o.a.j.p.h.p.BaseParser: Created org.apache.jmeter.protocol.http.parser.CssParser
2018-11-20 16:43:36,963 INFO o.a.j.p.h.p.BaseParser: Created org.apache.jmeter.protocol.http.parser.CssParser
[2018-11-20 16:43:38,102 DEBUG root] ToolError: Empty results, most likely simple (JMeterExecutor) failed. Actual reason for this can be found in logs under /Users/rocellajimenez/Desktop/poc_v2/2018-11-20_16-42-53.798691
Traceback (most recent call last):
  File "/usr/local/Cellar/bzt/1.13.0/libexec/lib/python2.7/site-packages/bzt/cli.py", line 268, in perform
    self.engine.post_process()
  File "/usr/local/Cellar/bzt/1.13.0/libexec/lib/python2.7/site-packages/bzt/engine.py", line 311, in post_process
    reraise(exc_info, exc_value)
  File "/usr/local/Cellar/bzt/1.13.0/libexec/lib/python2.7/site-packages/bzt/engine.py", line 296, in post_process
    module.post_process()
  File "/usr/local/Cellar/bzt/1.13.0/libexec/lib/python2.7/site-packages/bzt/modules/provisioning.py", line 181, in post_process
    reraise(exc_info, exc_value)
  File "/usr/local/Cellar/bzt/1.13.0/libexec/lib/python2.7/site-packages/bzt/modules/provisioning.py", line 172, in post_process
    raise ToolError(message, diagnostics)
ToolError: Empty results, most likely simple (JMeterExecutor) failed. Actual reason for this can be found in logs under /Users/rocellajimenez/Desktop/poc_v2/2018-11-20_16-42-53.798691
[2018-11-20 16:43:38,103 INFO root] Artifacts dir: /Users/rocellajimenez/Desktop/poc_v2/2018-11-20_16-42-53.798691
[2018-11-20 16:43:38,103 WARNING root] Done performing with code: 1
[2018-11-20 16:43:38,103 DEBUG root] Closing log handler: /Users/rocellajimenez/Desktop/poc_v2/2018-11-20_16-42-53.798691/bzt.log
