2018-11-20 16:43:23,241 INFO o.a.j.u.JMeterUtils: Setting Locale to en_CA
2018-11-20 16:43:23,259 INFO o.a.j.JMeter: Loading user properties from: /Users/rocellajimenez/.bzt/jmeter-taurus/4.0/bin/user.properties
2018-11-20 16:43:23,260 INFO o.a.j.JMeter: Loading system properties from: /Users/rocellajimenez/.bzt/jmeter-taurus/4.0/bin/system.properties
2018-11-20 16:43:23,260 INFO o.a.j.JMeter: Setting System properties from file: /Users/rocellajimenez/Desktop/poc_v2/2018-11-20_16-42-53.798691/system.properties
2018-11-20 16:43:23,265 INFO o.a.j.JMeter: Copyright (c) 1998-2018 The Apache Software Foundation
2018-11-20 16:43:23,265 INFO o.a.j.JMeter: Version 4.0 r1823414
2018-11-20 16:43:23,265 INFO o.a.j.JMeter: java.version=1.8.0_171
2018-11-20 16:43:23,265 INFO o.a.j.JMeter: java.vm.name=Java HotSpot(TM) 64-Bit Server VM
2018-11-20 16:43:23,265 INFO o.a.j.JMeter: os.name=Mac OS X
2018-11-20 16:43:23,265 INFO o.a.j.JMeter: os.arch=x86_64
2018-11-20 16:43:23,265 INFO o.a.j.JMeter: os.version=10.14
2018-11-20 16:43:23,265 INFO o.a.j.JMeter: file.encoding=UTF-8
2018-11-20 16:43:23,265 INFO o.a.j.JMeter: Max memory     =3817865216
2018-11-20 16:43:23,265 INFO o.a.j.JMeter: Available Processors =8
2018-11-20 16:43:23,268 INFO o.a.j.JMeter: Default Locale=English (Canada)
2018-11-20 16:43:23,269 INFO o.a.j.JMeter: JMeter  Locale=English (Canada)
2018-11-20 16:43:23,269 INFO o.a.j.JMeter: JMeterHome=/Users/rocellajimenez/.bzt/jmeter-taurus/4.0
2018-11-20 16:43:23,269 INFO o.a.j.JMeter: user.dir  =/Users/rocellajimenez/Desktop/poc_v2
2018-11-20 16:43:23,269 INFO o.a.j.JMeter: PWD       =/Users/rocellajimenez/Desktop/poc_v2
2018-11-20 16:43:28,273 INFO o.a.j.JMeter: IP: 192.168.1.103 Name: Rocellas-MacBook-Pro.local FullName: 192.168.1.103
2018-11-20 16:43:28,273 INFO o.a.j.JMeter: user.classpath=/Users/rocellajimenez/Desktop/poc_v2/2018-11-20_16-42-53.798691:/Users/rocellajimenez/Desktop/poc_v2/2018-11-20_16-42-53.798691
2018-11-20 16:43:28,274 INFO o.a.j.JMeter: Adding to classpath and loader: /Users/rocellajimenez/Desktop/poc_v2/2018-11-20_16-42-53.798691
2018-11-20 16:43:28,275 INFO o.a.j.JMeter: Adding to classpath and loader: /Users/rocellajimenez/Desktop/poc_v2/2018-11-20_16-42-53.798691
2018-11-20 16:43:28,279 INFO o.a.j.s.FileServer: Default base='/Users/rocellajimenez/Desktop/poc_v2'
2018-11-20 16:43:28,283 INFO o.a.j.s.FileServer: Set new base='/Users/rocellajimenez/Desktop/poc_v2/2018-11-20_16-42-53.798691'
2018-11-20 16:43:28,415 INFO o.a.j.s.SaveService: Testplan (JMX) version: 2.2. Testlog (JTL) version: 2.2
2018-11-20 16:43:28,433 INFO o.a.j.s.SaveService: Using SaveService properties file encoding UTF-8
2018-11-20 16:43:28,437 INFO o.a.j.s.SaveService: Using SaveService properties version 4.0
2018-11-20 16:43:28,444 INFO o.a.j.s.SaveService: Loading file: /Users/rocellajimenez/Desktop/poc_v2/2018-11-20_16-42-53.798691/modified_requests.jmx
2018-11-20 16:43:28,509 INFO o.a.j.p.h.c.CacheManager: Will only cache the following methods: [GET]
2018-11-20 16:43:28,511 INFO o.a.j.p.h.c.CookieManager: Settings: Delete null: true Check: true Allow variable: true Save: false Prefix: COOKIE_
2018-11-20 16:43:28,529 INFO o.a.j.p.h.s.HTTPSamplerBase: Parser for text/html is org.apache.jmeter.protocol.http.parser.LagartoBasedHtmlParser
2018-11-20 16:43:28,529 INFO o.a.j.p.h.s.HTTPSamplerBase: Parser for application/xhtml+xml is org.apache.jmeter.protocol.http.parser.LagartoBasedHtmlParser
2018-11-20 16:43:28,529 INFO o.a.j.p.h.s.HTTPSamplerBase: Parser for application/xml is org.apache.jmeter.protocol.http.parser.LagartoBasedHtmlParser
2018-11-20 16:43:28,529 INFO o.a.j.p.h.s.HTTPSamplerBase: Parser for text/xml is org.apache.jmeter.protocol.http.parser.LagartoBasedHtmlParser
2018-11-20 16:43:28,530 INFO o.a.j.p.h.s.HTTPSamplerBase: Parser for text/vnd.wap.wml is org.apache.jmeter.protocol.http.parser.RegexpHTMLParser
2018-11-20 16:43:28,530 INFO o.a.j.p.h.s.HTTPSamplerBase: Parser for text/css is org.apache.jmeter.protocol.http.parser.CssParser
2018-11-20 16:43:28,552 INFO o.a.j.e.StandardJMeterEngine: Running the test!
2018-11-20 16:43:28,553 INFO o.a.j.s.SampleEvent: List of sample_variables: []
2018-11-20 16:43:28,553 INFO o.a.j.s.SampleEvent: List of sample_variables: []
2018-11-20 16:43:28,558 INFO o.a.j.e.u.CompoundVariable: Note: Function class names must contain the string: '.functions.'
2018-11-20 16:43:28,558 INFO o.a.j.e.u.CompoundVariable: Note: Function class names must not contain the string: '.gui.'
2018-11-20 16:43:28,957 INFO o.a.j.JMeter: Running test (1542750208957)
2018-11-20 16:43:29,004 INFO o.a.j.e.StandardJMeterEngine: Starting ThreadGroup: 1 : simple
2018-11-20 16:43:29,005 INFO o.a.j.e.StandardJMeterEngine: Starting 5 threads for group simple.
2018-11-20 16:43:29,005 INFO o.a.j.e.StandardJMeterEngine: Thread will continue on error
2018-11-20 16:43:29,010 INFO o.a.j.e.StandardJMeterEngine: All thread groups have been started
2018-11-20 16:43:29,010 INFO c.b.j.t.c.ConcurrencyThreadStarter: Start supplying threads
2018-11-20 16:43:35,015 INFO o.a.j.s.SampleResult: Note: Sample TimeStamps are START times
2018-11-20 16:43:35,015 INFO o.a.j.s.SampleResult: sampleresult.default.encoding is set to UTF-8
2018-11-20 16:43:35,015 INFO o.a.j.s.SampleResult: sampleresult.useNanoTime=true
2018-11-20 16:43:35,016 INFO o.a.j.s.SampleResult: sampleresult.nanoThreadSleep=5000
2018-11-20 16:43:35,016 INFO o.a.j.t.JMeterThread: Thread started: simple 1-1
2018-11-20 16:43:35,807 INFO o.a.j.p.h.s.HTTPHCAbstractImpl: Local host = Rocellas-MacBook-Pro.local
2018-11-20 16:43:35,812 INFO o.a.j.p.h.s.HTTPHC4Impl: HTTP request retry count = 0
2018-11-20 16:43:36,364 INFO o.a.j.p.h.p.BaseParser: Created org.apache.jmeter.protocol.http.parser.LagartoBasedHtmlParser
2018-11-20 16:43:36,410 INFO o.a.j.p.h.s.ResourcesDownloader: Creating ResourcesDownloader with keepalive_inseconds : 60
2018-11-20 16:43:36,963 INFO o.a.j.p.h.p.BaseParser: Created org.apache.jmeter.protocol.http.parser.CssParser
2018-11-20 16:43:36,963 INFO o.a.j.p.h.p.BaseParser: Created org.apache.jmeter.protocol.http.parser.CssParser
2018-11-20 16:43:47,044 INFO o.a.j.t.JMeterThread: Thread started: simple 1-2
2018-11-20 16:43:59,054 INFO o.a.j.t.JMeterThread: Thread started: simple 1-3
2018-11-20 16:44:11,075 INFO o.a.j.t.JMeterThread: Thread started: simple 1-4
2018-11-20 16:44:23,096 INFO o.a.j.t.JMeterThread: Thread started: simple 1-5
2018-11-20 16:45:59,300 INFO c.b.j.t.c.ConcurrencyThreadStarter: Done supplying threads
2018-11-20 16:45:59,379 INFO o.a.j.t.JMeterThread: Thread is done: simple 1-1
2018-11-20 16:45:59,379 INFO o.a.j.t.JMeterThread: Thread finished: simple 1-1
2018-11-20 16:46:00,922 INFO o.a.j.t.JMeterThread: Thread is done: simple 1-5
2018-11-20 16:46:00,923 INFO o.a.j.t.JMeterThread: Thread finished: simple 1-5
2018-11-20 16:46:01,824 INFO o.a.j.t.JMeterThread: Thread is done: simple 1-3
2018-11-20 16:46:01,824 INFO o.a.j.t.JMeterThread: Thread finished: simple 1-3
2018-11-20 16:46:01,876 INFO o.a.j.t.JMeterThread: Thread is done: simple 1-4
2018-11-20 16:46:01,877 INFO o.a.j.t.JMeterThread: Thread finished: simple 1-4
2018-11-20 16:46:02,923 INFO o.a.j.t.JMeterThread: Thread is done: simple 1-2
2018-11-20 16:46:02,923 INFO o.a.j.t.JMeterThread: Thread finished: simple 1-2
2018-11-20 16:46:02,923 INFO o.a.j.e.StandardJMeterEngine: Notifying test listeners of end of test
2018-11-20 16:46:02,925 INFO o.a.j.e.StandardJMeterEngine: Forced JVM shutdown requested at end of test
