[2018-11-20 16:44:24,457 INFO root] Taurus CLI Tool v1.13.0
[2018-11-20 16:44:24,457 DEBUG root] Command-line options: {'verbose': None, 'no_system_configs': None, 'quiet': None, 'log': '/var/folders/_7/c5br59cd02v6qkd_sqxjqtl40000gn/T/bzt_Edg1To.log', 'option': None, 'aliases': []}
[2018-11-20 16:44:24,457 DEBUG root] Python: CPython 2.7.15
[2018-11-20 16:44:24,457 DEBUG root] OS: ('Darwin', 'Rocellas-MacBook-Pro.local', '18.0.0', 'Darwin Kernel Version 18.0.0: Wed Aug 22 20:13:40 PDT 2018; root:xnu-4903.201.2~1/RELEASE_X86_64', 'x86_64', 'i386')
[2018-11-20 16:44:24,458 INFO root] Starting with configs: ['benchmark/scripts/poc_jmeter_2.yml']
[2018-11-20 16:44:24,458 DEBUG root] Using personal config: /Users/rocellajimenez/.bzt-rc
[2018-11-20 16:44:24,458 INFO Engine] Configuring...
[2018-11-20 16:44:24,458 DEBUG Engine] No machine configs dir: /usr/local/Cellar/bzt/1.13.0/libexec/bin/../etc/bzt.d
[2018-11-20 16:44:24,458 DEBUG Engine] Base configs list: ['/usr/local/Cellar/bzt/1.13.0/libexec/lib/python2.7/site-packages/bzt/resources/base-config.yml']
[2018-11-20 16:44:24,458 DEBUG Engine.Configuration] Configs: ['/usr/local/Cellar/bzt/1.13.0/libexec/lib/python2.7/site-packages/bzt/resources/base-config.yml']
[2018-11-20 16:44:24,458 DEBUG Engine.Configuration] Reading /usr/local/Cellar/bzt/1.13.0/libexec/lib/python2.7/site-packages/bzt/resources/base-config.yml as YAML
[2018-11-20 16:44:24,484 DEBUG Engine] User configs list: ['/Users/rocellajimenez/.bzt-rc', 'benchmark/scripts/poc_jmeter_2.yml']
[2018-11-20 16:44:24,484 DEBUG Engine.Configuration] Configs: ['/Users/rocellajimenez/.bzt-rc', 'benchmark/scripts/poc_jmeter_2.yml']
[2018-11-20 16:44:24,485 DEBUG Engine.Configuration] Reading /Users/rocellajimenez/.bzt-rc as YAML
[2018-11-20 16:44:24,489 DEBUG Engine.Configuration] Reading benchmark/scripts/poc_jmeter_2.yml as YAML
[2018-11-20 16:44:24,490 DEBUG Engine.Configuration] Configs: ['/Users/rocellajimenez/.bzt-rc', 'benchmark/scripts/poc_jmeter_2.yml']
[2018-11-20 16:44:24,490 DEBUG Engine.Configuration] Reading /Users/rocellajimenez/.bzt-rc as YAML
[2018-11-20 16:44:24,494 DEBUG Engine.Configuration] Reading benchmark/scripts/poc_jmeter_2.yml as YAML
[2018-11-20 16:44:24,503 DEBUG Engine] Requesting updates info: http://gettaurus.org/updates/?version=1.13.0&installID=macos-8c8590bd2b94
[2018-11-20 16:44:24,503 DEBUG HTTPClient] Making HTTP request GET http://gettaurus.org/updates/?version=1.13.0&installID=macos-8c8590bd2b94
[2018-11-20 16:44:24,503 INFO Engine] Artifacts dir: /Users/rocellajimenez/Desktop/poc_v2/2018-11-20_16-44-24.503267
[2018-11-20 16:44:24,508 DEBUG Engine] New artifact filename: /Users/rocellajimenez/Desktop/poc_v2/2018-11-20_16-44-24.503267/effective
[2018-11-20 16:44:24,510 DEBUG Engine.Configuration] Dumping YAML config into /Users/rocellajimenez/Desktop/poc_v2/2018-11-20_16-44-24.503267/effective.yml
[2018-11-20 16:44:24,511 DEBUG urllib3.connectionpool] Starting new HTTP connection (1): gettaurus.org:80
[2018-11-20 16:44:24,540 DEBUG Engine.Configuration] Dumping JSON config into /Users/rocellajimenez/Desktop/poc_v2/2018-11-20_16-44-24.503267/effective.json
[2018-11-20 16:44:24,541 DEBUG Engine] New artifact filename: /Users/rocellajimenez/Desktop/poc_v2/2018-11-20_16-44-24.503267/merged.yml
[2018-11-20 16:44:24,541 DEBUG Engine.Configuration] Dumping YAML config into /Users/rocellajimenez/Desktop/poc_v2/2018-11-20_16-44-24.503267/merged.yml
[2018-11-20 16:44:24,543 DEBUG Engine] New artifact filename: /Users/rocellajimenez/Desktop/poc_v2/2018-11-20_16-44-24.503267/merged.json
[2018-11-20 16:44:24,543 DEBUG Engine.Configuration] Dumping JSON config into /Users/rocellajimenez/Desktop/poc_v2/2018-11-20_16-44-24.503267/merged.json
[2018-11-20 16:44:24,543 DEBUG Engine] Add existing artifact (move=False): benchmark/scripts/poc_jmeter_2.yml
[2018-11-20 16:44:24,543 DEBUG Engine] Copying benchmark/scripts/poc_jmeter_2.yml to /Users/rocellajimenez/Desktop/poc_v2/2018-11-20_16-44-24.503267/poc_jmeter_2.yml
[2018-11-20 16:44:24,544 DEBUG Engine.Environment] Replace 'TAURUS_ARTIFACTS_DIR' in environment
[2018-11-20 16:44:24,544 DEBUG root] Closing log handler: /var/folders/_7/c5br59cd02v6qkd_sqxjqtl40000gn/T/bzt_Edg1To.log
[2018-11-20 16:44:24,545 DEBUG root] Switched writing logs to /Users/rocellajimenez/Desktop/poc_v2/2018-11-20_16-44-24.503267/bzt.log
[2018-11-20 16:44:24,545 DEBUG root] Linting config
[2018-11-20 16:44:24,547 INFO Engine] Preparing...
[2018-11-20 16:44:24,547 DEBUG Engine] Module config: consolidator {'class': u'bzt.modules.aggregator.ConsolidatingAggregator'}
[2018-11-20 16:44:24,547 DEBUG root] Importing module: bzt.modules.aggregator
[2018-11-20 16:44:24,637 DEBUG root] Loading class: 'ConsolidatingAggregator' from <module 'bzt.modules.aggregator' from '/usr/local/Cellar/bzt/1.13.0/libexec/lib/python2.7/site-packages/bzt/modules/aggregator.pyc'>
[2018-11-20 16:44:24,637 DEBUG Engine.consolidator] Buffer scaling setup: percentile 95.0 from [0.0, 50.0, 90.0, 95.0, 99.0, 99.9, 100.0] selected
[2018-11-20 16:44:24,638 DEBUG Engine] Module config: monitoring {'class': u'bzt.modules.monitoring.Monitoring'}
[2018-11-20 16:44:24,638 DEBUG root] Importing module: bzt.modules.monitoring
[2018-11-20 16:44:24,639 DEBUG root] Loading class: 'Monitoring' from <module 'bzt.modules.monitoring' from '/usr/local/Cellar/bzt/1.13.0/libexec/lib/python2.7/site-packages/bzt/modules/monitoring.pyc'>
[2018-11-20 16:44:24,639 DEBUG Engine] Module config: local {'class': u'bzt.modules.provisioning.Local'}
[2018-11-20 16:44:24,639 DEBUG root] Importing module: bzt.modules.provisioning
[2018-11-20 16:44:24,639 DEBUG root] Loading class: 'Local' from <module 'bzt.modules.provisioning' from '/usr/local/Cellar/bzt/1.13.0/libexec/lib/python2.7/site-packages/bzt/modules/provisioning.pyc'>
[2018-11-20 16:44:24,640 DEBUG Engine] Module config: jmeter {'properties': {'jmeter.save.saveservice.autoflush': u'true', 'jmeter.save.saveservice.connect_time': u'true', 'summariser.name': u'', 'jmeterengine.force.system.exit': u'true'}, 'plugins': [u'jpgc-casutg', u'jpgc-dummy', u'jpgc-ffw', u'jpgc-fifo', u'jpgc-functions', u'jpgc-json', u'jpgc-perfmon', u'jpgc-prmctl', u'jpgc-tst'], 'class': u'bzt.modules.jmeter.JMeterExecutor', 'protocol-handlers': {'http': u'bzt.jmx.http.HTTPProtocolHandler'}}
[2018-11-20 16:44:24,640 DEBUG root] Importing module: bzt.modules.jmeter
[2018-11-20 16:44:24,648 DEBUG root] Loading class: 'JMeterExecutor' from <module 'bzt.modules.jmeter' from '/usr/local/Cellar/bzt/1.13.0/libexec/lib/python2.7/site-packages/bzt/modules/jmeter.pyc'>
[2018-11-20 16:44:24,648 DEBUG Engine.local] Preparing executor: None/4360893648
[2018-11-20 16:44:24,648 DEBUG Engine] New artifact filename: /Users/rocellajimenez/Desktop/poc_v2/2018-11-20_16-44-24.503267/jmeter.log
[2018-11-20 16:44:24,648 DEBUG Engine.jmeter] Checking if port 4445 is free
[2018-11-20 16:44:24,649 DEBUG Engine.jmeter] Port 4445 is busy
[2018-11-20 16:44:24,649 DEBUG Engine.jmeter] Port 4445 is busy, trying next one
[2018-11-20 16:44:24,649 DEBUG Engine.jmeter] Checking if port 4446 is free
[2018-11-20 16:44:24,649 DEBUG Engine.jmeter] Port 4446 is free
[2018-11-20 16:44:24,650 DEBUG Engine.jmeter] Using port 4446 for management
[2018-11-20 16:44:24,650 DEBUG Engine.jmeter.JavaVM] Trying JavaVM: ['java', '-version']
[2018-11-20 16:44:24,749 DEBUG Engine.jmeter.JavaVM] JavaVM output: java version "1.8.0_171"
Java(TM) SE Runtime Environment (build 1.8.0_171-b11)
Java HotSpot(TM) 64-Bit Server VM (build 25.171-b11, mixed mode)
[2018-11-20 16:44:24,750 DEBUG Engine.jmeter.TclLibrary] We don't need to check tcl library on this platform
[2018-11-20 16:44:24,750 DEBUG Engine.jmeter.JMeter] Trying jmeter: /Users/rocellajimenez/.bzt/jmeter-taurus/4.0/bin/jmeter.sh
[2018-11-20 16:44:24,750 DEBUG bzt.utils] Executing shell: ['/Users/rocellajimenez/.bzt/jmeter-taurus/4.0/bin/jmeter.sh', '-j', '/var/folders/_7/c5br59cd02v6qkd_sqxjqtl40000gn/T/jmeterd_1p8Plog', '--version'] at .
[2018-11-20 16:44:24,990 DEBUG urllib3.connectionpool] http://gettaurus.org:80 "GET /updates/?version=1.13.0&installID=macos-8c8590bd2b94 HTTP/1.1" 200 59
[2018-11-20 16:44:24,991 DEBUG Engine] Taurus updates info: {u'needsUpgrade': True, u'latest': u'1.13.1'}
[2018-11-20 16:44:24,991 WARNING Engine] There is newer version of Taurus 1.13.1 available, consider upgrading. What's new: http://gettaurus.org/docs/Changelog/
[2018-11-20 16:44:27,663 WARNING root] Keyboard interrupt
[2018-11-20 16:44:27,672 DEBUG root] KeyboardInterrupt: 
Traceback (most recent call last):
  File "/usr/local/Cellar/bzt/1.13.0/libexec/lib/python2.7/site-packages/bzt/cli.py", line 260, in perform
    self.engine.prepare()
  File "/usr/local/Cellar/bzt/1.13.0/libexec/lib/python2.7/site-packages/bzt/engine.py", line 171, in prepare
    self.__prepare_provisioning()
  File "/usr/local/Cellar/bzt/1.13.0/libexec/lib/python2.7/site-packages/bzt/engine.py", line 526, in __prepare_provisioning
    self.provisioning.prepare()
  File "/usr/local/Cellar/bzt/1.13.0/libexec/lib/python2.7/site-packages/bzt/modules/provisioning.py", line 72, in prepare
    executor.prepare()
  File "/usr/local/Cellar/bzt/1.13.0/libexec/lib/python2.7/site-packages/bzt/modules/jmeter.py", line 278, in prepare
    self.install_required_tools()
  File "/usr/local/Cellar/bzt/1.13.0/libexec/lib/python2.7/site-packages/bzt/modules/jmeter.py", line 872, in install_required_tools
    if self._need_to_install(self.tool):
  File "/usr/local/Cellar/bzt/1.13.0/libexec/lib/python2.7/site-packages/bzt/modules/jmeter.py", line 890, in _need_to_install
    if tool.check_if_installed():
  File "/usr/local/Cellar/bzt/1.13.0/libexec/lib/python2.7/site-packages/bzt/modules/jmeter.py", line 1505, in check_if_installed
    jmout, jmerr = communicate(jm_proc)
  File "/usr/local/Cellar/bzt/1.13.0/libexec/lib/python2.7/site-packages/bzt/six/py2.py", line 104, in communicate
    return proc.communicate()
  File "/usr/local/opt/python@2/Frameworks/Python.framework/Versions/2.7/lib/python2.7/subprocess.py", line 483, in communicate
    return self._communicate(input)
  File "/usr/local/opt/python@2/Frameworks/Python.framework/Versions/2.7/lib/python2.7/subprocess.py", line 1124, in _communicate
    stdout, stderr = self._communicate_with_poll(input)
  File "/usr/local/opt/python@2/Frameworks/Python.framework/Versions/2.7/lib/python2.7/subprocess.py", line 1178, in _communicate_with_poll
    ready = poller.poll()
KeyboardInterrupt
[2018-11-20 16:44:27,672 INFO Engine] Post-processing...
[2018-11-20 16:44:27,672 DEBUG Engine.consolidator] Consolidator buffer[0]: []
[2018-11-20 16:44:27,674 DEBUG Engine.Configuration] Dumping YAML config into /Users/rocellajimenez/Desktop/poc_v2/2018-11-20_16-44-24.503267/effective.yml
[2018-11-20 16:44:27,696 DEBUG Engine.Configuration] Dumping JSON config into /Users/rocellajimenez/Desktop/poc_v2/2018-11-20_16-44-24.503267/effective.json
[2018-11-20 16:44:27,697 INFO root] Artifacts dir: /Users/rocellajimenez/Desktop/poc_v2/2018-11-20_16-44-24.503267
[2018-11-20 16:44:27,698 WARNING root] Done performing with code: 1
[2018-11-20 16:44:27,698 DEBUG root] Closing log handler: /Users/rocellajimenez/Desktop/poc_v2/2018-11-20_16-44-24.503267/bzt.log
