[2018-11-21 08:22:26,038 INFO root] Taurus CLI Tool v1.13.0
[2018-11-21 08:22:26,039 DEBUG root] Command-line options: {'verbose': None, 'no_system_configs': None, 'quiet': None, 'log': '/var/folders/_7/c5br59cd02v6qkd_sqxjqtl40000gn/T/bzt_EJlKm2.log', 'option': None, 'aliases': []}
[2018-11-21 08:22:26,039 DEBUG root] Python: CPython 2.7.15
[2018-11-21 08:22:26,039 DEBUG root] OS: ('Darwin', 'Rocellas-MacBook-Pro.local', '18.0.0', 'Darwin Kernel Version 18.0.0: Wed Aug 22 20:13:40 PDT 2018; root:xnu-4903.201.2~1/RELEASE_X86_64', 'x86_64', 'i386')
[2018-11-21 08:22:26,039 INFO root] Starting with configs: []
[2018-11-21 08:22:26,039 DEBUG root] Using personal config: /Users/rocellajimenez/.bzt-rc
[2018-11-21 08:22:26,039 INFO Engine] Configuring...
[2018-11-21 08:22:26,039 DEBUG Engine] No machine configs dir: /usr/local/Cellar/bzt/1.13.0/libexec/bin/../etc/bzt.d
[2018-11-21 08:22:26,039 DEBUG Engine] Base configs list: ['/usr/local/Cellar/bzt/1.13.0/libexec/lib/python2.7/site-packages/bzt/resources/base-config.yml']
[2018-11-21 08:22:26,039 DEBUG Engine.Configuration] Configs: ['/usr/local/Cellar/bzt/1.13.0/libexec/lib/python2.7/site-packages/bzt/resources/base-config.yml']
[2018-11-21 08:22:26,040 DEBUG Engine.Configuration] Reading /usr/local/Cellar/bzt/1.13.0/libexec/lib/python2.7/site-packages/bzt/resources/base-config.yml as YAML
[2018-11-21 08:22:26,067 DEBUG Engine] User configs list: ['/Users/rocellajimenez/.bzt-rc']
[2018-11-21 08:22:26,068 DEBUG Engine.Configuration] Configs: ['/Users/rocellajimenez/.bzt-rc']
[2018-11-21 08:22:26,069 DEBUG Engine.Configuration] Reading /Users/rocellajimenez/.bzt-rc as YAML
[2018-11-21 08:22:26,072 DEBUG Engine.Configuration] Configs: ['/Users/rocellajimenez/.bzt-rc']
[2018-11-21 08:22:26,073 DEBUG Engine.Configuration] Reading /Users/rocellajimenez/.bzt-rc as YAML
[2018-11-21 08:22:26,086 DEBUG Engine] Requesting updates info: http://gettaurus.org/updates/?version=1.13.0&installID=macos-8c8590bd2b94
[2018-11-21 08:22:26,086 DEBUG HTTPClient] Making HTTP request GET http://gettaurus.org/updates/?version=1.13.0&installID=macos-8c8590bd2b94
[2018-11-21 08:22:26,092 INFO Engine] Artifacts dir: /Users/rocellajimenez/Desktop/poc_v2/2018-11-21_08-22-26.092035
[2018-11-21 08:22:26,092 DEBUG Engine] New artifact filename: /Users/rocellajimenez/Desktop/poc_v2/2018-11-21_08-22-26.092035/effective
[2018-11-21 08:22:26,094 DEBUG Engine.Configuration] Dumping YAML config into /Users/rocellajimenez/Desktop/poc_v2/2018-11-21_08-22-26.092035/effective.yml
[2018-11-21 08:22:26,113 DEBUG Engine.Configuration] Dumping JSON config into /Users/rocellajimenez/Desktop/poc_v2/2018-11-21_08-22-26.092035/effective.json
[2018-11-21 08:22:26,113 DEBUG Engine.Environment] Replace 'TAURUS_ARTIFACTS_DIR' in environment
[2018-11-21 08:22:26,114 DEBUG root] Closing log handler: /var/folders/_7/c5br59cd02v6qkd_sqxjqtl40000gn/T/bzt_EJlKm2.log
[2018-11-21 08:22:26,114 DEBUG root] Switched writing logs to /Users/rocellajimenez/Desktop/poc_v2/2018-11-21_08-22-26.092035/bzt.log
[2018-11-21 08:22:26,114 DEBUG root] Linting config
[2018-11-21 08:22:26,116 INFO Engine] Preparing...
[2018-11-21 08:22:26,116 DEBUG Engine] Module config: consolidator {'class': u'bzt.modules.aggregator.ConsolidatingAggregator'}
[2018-11-21 08:22:26,117 DEBUG root] Importing module: bzt.modules.aggregator
[2018-11-21 08:22:26,296 DEBUG root] Loading class: 'ConsolidatingAggregator' from <module 'bzt.modules.aggregator' from '/usr/local/Cellar/bzt/1.13.0/libexec/lib/python2.7/site-packages/bzt/modules/aggregator.pyc'>
[2018-11-21 08:22:26,296 DEBUG Engine.consolidator] Buffer scaling setup: percentile 95.0 from [0.0, 50.0, 90.0, 95.0, 99.0, 99.9, 100.0] selected
[2018-11-21 08:22:26,296 DEBUG Engine] Module config: monitoring {'class': u'bzt.modules.monitoring.Monitoring'}
[2018-11-21 08:22:26,297 DEBUG urllib3.connectionpool] Starting new HTTP connection (1): gettaurus.org:80
[2018-11-21 08:22:26,297 DEBUG root] Importing module: bzt.modules.monitoring
[2018-11-21 08:22:26,299 DEBUG root] Loading class: 'Monitoring' from <module 'bzt.modules.monitoring' from '/usr/local/Cellar/bzt/1.13.0/libexec/lib/python2.7/site-packages/bzt/modules/monitoring.pyc'>
[2018-11-21 08:22:26,300 DEBUG Engine] Module config: local {'class': u'bzt.modules.provisioning.Local'}
[2018-11-21 08:22:26,300 DEBUG root] Importing module: bzt.modules.provisioning
[2018-11-21 08:22:26,300 DEBUG root] Loading class: 'Local' from <module 'bzt.modules.provisioning' from '/usr/local/Cellar/bzt/1.13.0/libexec/lib/python2.7/site-packages/bzt/modules/provisioning.pyc'>
[2018-11-21 08:22:26,300 ERROR root] Config Error: No 'execution' is configured. Did you forget to pass config files?
[2018-11-21 08:22:26,302 DEBUG root] TaurusConfigError: No 'execution' is configured. Did you forget to pass config files?
Traceback (most recent call last):
  File "/usr/local/Cellar/bzt/1.13.0/libexec/lib/python2.7/site-packages/bzt/cli.py", line 260, in perform
    self.engine.prepare()
  File "/usr/local/Cellar/bzt/1.13.0/libexec/lib/python2.7/site-packages/bzt/engine.py", line 171, in prepare
    self.__prepare_provisioning()
  File "/usr/local/Cellar/bzt/1.13.0/libexec/lib/python2.7/site-packages/bzt/engine.py", line 526, in __prepare_provisioning
    self.provisioning.prepare()
  File "/usr/local/Cellar/bzt/1.13.0/libexec/lib/python2.7/site-packages/bzt/modules/provisioning.py", line 68, in prepare
    super(Local, self).prepare()
  File "/usr/local/Cellar/bzt/1.13.0/libexec/lib/python2.7/site-packages/bzt/engine.py", line 940, in prepare
    raise exc
TaurusConfigError: No 'execution' is configured. Did you forget to pass config files?
[2018-11-21 08:22:26,302 INFO Engine] Post-processing...
[2018-11-21 08:22:26,302 DEBUG Engine.consolidator] Consolidator buffer[0]: []
[2018-11-21 08:22:26,304 DEBUG Engine.Configuration] Dumping YAML config into /Users/rocellajimenez/Desktop/poc_v2/2018-11-21_08-22-26.092035/effective.yml
[2018-11-21 08:22:26,315 DEBUG urllib3.connectionpool] http://gettaurus.org:80 "GET /updates/?version=1.13.0&installID=macos-8c8590bd2b94 HTTP/1.1" 307 None
[2018-11-21 08:22:26,331 DEBUG Engine.Configuration] Dumping JSON config into /Users/rocellajimenez/Desktop/poc_v2/2018-11-21_08-22-26.092035/effective.json
[2018-11-21 08:22:26,332 INFO root] Artifacts dir: /Users/rocellajimenez/Desktop/poc_v2/2018-11-21_08-22-26.092035
[2018-11-21 08:22:26,332 WARNING root] Done performing with code: 1
[2018-11-21 08:22:26,332 DEBUG root] Closing log handler: /Users/rocellajimenez/Desktop/poc_v2/2018-11-21_08-22-26.092035/bzt.log
