[2018-11-21 08:29:21,772 INFO root] Taurus CLI Tool v1.13.0
[2018-11-21 08:29:21,772 DEBUG root] Command-line options: {'verbose': None, 'no_system_configs': None, 'quiet': None, 'log': '/var/folders/_7/c5br59cd02v6qkd_sqxjqtl40000gn/T/bzt_9225Tn.log', 'option': ['modules.console.disable=true'], 'aliases': []}
[2018-11-21 08:29:21,772 DEBUG root] Python: CPython 2.7.15
[2018-11-21 08:29:21,773 DEBUG root] OS: ('Darwin', 'Rocellas-MacBook-Pro.local', '18.0.0', 'Darwin Kernel Version 18.0.0: Wed Aug 22 20:13:40 PDT 2018; root:xnu-4903.201.2~1/RELEASE_X86_64', 'x86_64', 'i386')
[2018-11-21 08:29:21,773 INFO root] Starting with configs: ['benchmark/scripts/poc_jmeter_2.yml']
[2018-11-21 08:29:21,773 DEBUG root] Using personal config: /Users/rocellajimenez/.bzt-rc
[2018-11-21 08:29:21,773 INFO Engine] Configuring...
[2018-11-21 08:29:21,774 DEBUG Engine] No machine configs dir: /usr/local/Cellar/bzt/1.13.0/libexec/bin/../etc/bzt.d
[2018-11-21 08:29:21,774 DEBUG Engine] Base configs list: ['/usr/local/Cellar/bzt/1.13.0/libexec/lib/python2.7/site-packages/bzt/resources/base-config.yml']
[2018-11-21 08:29:21,774 DEBUG Engine.Configuration] Configs: ['/usr/local/Cellar/bzt/1.13.0/libexec/lib/python2.7/site-packages/bzt/resources/base-config.yml']
[2018-11-21 08:29:21,774 DEBUG Engine.Configuration] Reading /usr/local/Cellar/bzt/1.13.0/libexec/lib/python2.7/site-packages/bzt/resources/base-config.yml as YAML
[2018-11-21 08:29:21,803 DEBUG Engine] User configs list: ['/Users/rocellajimenez/.bzt-rc', 'benchmark/scripts/poc_jmeter_2.yml']
[2018-11-21 08:29:21,803 DEBUG Engine.Configuration] Configs: ['/Users/rocellajimenez/.bzt-rc', 'benchmark/scripts/poc_jmeter_2.yml']
[2018-11-21 08:29:21,804 DEBUG Engine.Configuration] Reading /Users/rocellajimenez/.bzt-rc as YAML
[2018-11-21 08:29:21,807 DEBUG Engine.Configuration] Reading benchmark/scripts/poc_jmeter_2.yml as YAML
[2018-11-21 08:29:21,809 DEBUG Engine.Configuration] Configs: ['/Users/rocellajimenez/.bzt-rc', 'benchmark/scripts/poc_jmeter_2.yml']
[2018-11-21 08:29:21,810 DEBUG Engine.Configuration] Reading /Users/rocellajimenez/.bzt-rc as YAML
[2018-11-21 08:29:21,813 DEBUG Engine.Configuration] Reading benchmark/scripts/poc_jmeter_2.yml as YAML
[2018-11-21 08:29:21,822 DEBUG Engine] Requesting updates info: http://gettaurus.org/updates/?version=1.13.0&installID=macos-8c8590bd2b94
[2018-11-21 08:29:21,823 DEBUG ConfigOverrider] Applying modules.console.disable=true
[2018-11-21 08:29:21,823 DEBUG HTTPClient] Making HTTP request GET http://gettaurus.org/updates/?version=1.13.0&installID=macos-8c8590bd2b94
[2018-11-21 08:29:21,823 DEBUG ConfigOverrider] Applying: [disable]=true
[2018-11-21 08:29:21,827 DEBUG ConfigOverrider] Parsed override value: 'true' -> True (<type 'bool'>)
[2018-11-21 08:29:21,828 INFO Engine] Artifacts dir: /Users/rocellajimenez/Desktop/poc_v2/2018-11-21_08-29-21.827917
[2018-11-21 08:29:21,828 DEBUG urllib3.connectionpool] Starting new HTTP connection (1): gettaurus.org:80
[2018-11-21 08:29:21,829 DEBUG Engine] New artifact filename: /Users/rocellajimenez/Desktop/poc_v2/2018-11-21_08-29-21.827917/effective
[2018-11-21 08:29:21,831 DEBUG Engine.Configuration] Dumping YAML config into /Users/rocellajimenez/Desktop/poc_v2/2018-11-21_08-29-21.827917/effective.yml
[2018-11-21 08:29:21,857 DEBUG urllib3.connectionpool] http://gettaurus.org:80 "GET /updates/?version=1.13.0&installID=macos-8c8590bd2b94 HTTP/1.1" 307 None
[2018-11-21 08:29:21,860 DEBUG Engine.Configuration] Dumping JSON config into /Users/rocellajimenez/Desktop/poc_v2/2018-11-21_08-29-21.827917/effective.json
[2018-11-21 08:29:21,861 DEBUG Engine] New artifact filename: /Users/rocellajimenez/Desktop/poc_v2/2018-11-21_08-29-21.827917/merged.yml
[2018-11-21 08:29:21,861 DEBUG Engine.Configuration] Dumping YAML config into /Users/rocellajimenez/Desktop/poc_v2/2018-11-21_08-29-21.827917/merged.yml
[2018-11-21 08:29:21,863 DEBUG Engine] New artifact filename: /Users/rocellajimenez/Desktop/poc_v2/2018-11-21_08-29-21.827917/merged.json
[2018-11-21 08:29:21,863 DEBUG Engine.Configuration] Dumping JSON config into /Users/rocellajimenez/Desktop/poc_v2/2018-11-21_08-29-21.827917/merged.json
[2018-11-21 08:29:21,863 DEBUG Engine] Add existing artifact (move=False): benchmark/scripts/poc_jmeter_2.yml
[2018-11-21 08:29:21,863 DEBUG Engine] Copying benchmark/scripts/poc_jmeter_2.yml to /Users/rocellajimenez/Desktop/poc_v2/2018-11-21_08-29-21.827917/poc_jmeter_2.yml
[2018-11-21 08:29:21,864 DEBUG Engine.Environment] Replace 'TAURUS_ARTIFACTS_DIR' in environment
[2018-11-21 08:29:21,865 DEBUG root] Closing log handler: /var/folders/_7/c5br59cd02v6qkd_sqxjqtl40000gn/T/bzt_9225Tn.log
[2018-11-21 08:29:21,866 DEBUG root] Switched writing logs to /Users/rocellajimenez/Desktop/poc_v2/2018-11-21_08-29-21.827917/bzt.log
[2018-11-21 08:29:21,866 DEBUG root] Linting config
[2018-11-21 08:29:21,869 INFO Engine] Preparing...
[2018-11-21 08:29:21,870 DEBUG Engine] Module config: consolidator {'class': u'bzt.modules.aggregator.ConsolidatingAggregator'}
[2018-11-21 08:29:21,870 DEBUG root] Importing module: bzt.modules.aggregator
[2018-11-21 08:29:21,957 DEBUG root] Loading class: 'ConsolidatingAggregator' from <module 'bzt.modules.aggregator' from '/usr/local/Cellar/bzt/1.13.0/libexec/lib/python2.7/site-packages/bzt/modules/aggregator.pyc'>
[2018-11-21 08:29:21,957 DEBUG Engine.consolidator] Buffer scaling setup: percentile 95.0 from [0.0, 50.0, 90.0, 95.0, 99.0, 99.9, 100.0] selected
[2018-11-21 08:29:21,957 DEBUG Engine] Module config: monitoring {'class': u'bzt.modules.monitoring.Monitoring'}
[2018-11-21 08:29:21,957 DEBUG root] Importing module: bzt.modules.monitoring
[2018-11-21 08:29:21,958 DEBUG root] Loading class: 'Monitoring' from <module 'bzt.modules.monitoring' from '/usr/local/Cellar/bzt/1.13.0/libexec/lib/python2.7/site-packages/bzt/modules/monitoring.pyc'>
[2018-11-21 08:29:21,959 DEBUG Engine] Module config: local {'class': u'bzt.modules.provisioning.Local'}
[2018-11-21 08:29:21,959 DEBUG root] Importing module: bzt.modules.provisioning
[2018-11-21 08:29:21,959 DEBUG root] Loading class: 'Local' from <module 'bzt.modules.provisioning' from '/usr/local/Cellar/bzt/1.13.0/libexec/lib/python2.7/site-packages/bzt/modules/provisioning.pyc'>
[2018-11-21 08:29:21,959 DEBUG Engine] Module config: jmeter {'properties': {'jmeter.save.saveservice.autoflush': u'true', 'jmeter.save.saveservice.connect_time': u'true', 'summariser.name': u'', 'jmeterengine.force.system.exit': u'true'}, 'plugins': [u'jpgc-casutg', u'jpgc-dummy', u'jpgc-ffw', u'jpgc-fifo', u'jpgc-functions', u'jpgc-json', u'jpgc-perfmon', u'jpgc-prmctl', u'jpgc-tst'], 'class': u'bzt.modules.jmeter.JMeterExecutor', 'protocol-handlers': {'http': u'bzt.jmx.http.HTTPProtocolHandler'}}
[2018-11-21 08:29:21,959 DEBUG root] Importing module: bzt.modules.jmeter
[2018-11-21 08:29:21,967 DEBUG root] Loading class: 'JMeterExecutor' from <module 'bzt.modules.jmeter' from '/usr/local/Cellar/bzt/1.13.0/libexec/lib/python2.7/site-packages/bzt/modules/jmeter.pyc'>
[2018-11-21 08:29:21,968 DEBUG Engine.local] Preparing executor: None/4497517264
[2018-11-21 08:29:21,968 DEBUG Engine] New artifact filename: /Users/rocellajimenez/Desktop/poc_v2/2018-11-21_08-29-21.827917/jmeter.log
[2018-11-21 08:29:21,969 DEBUG Engine.jmeter] Checking if port 4445 is free
[2018-11-21 08:29:21,969 DEBUG Engine.jmeter] Port 4445 is free
[2018-11-21 08:29:21,969 DEBUG Engine.jmeter] Using port 4445 for management
[2018-11-21 08:29:21,969 DEBUG Engine.jmeter.JavaVM] Trying JavaVM: ['java', '-version']
[2018-11-21 08:29:22,064 DEBUG Engine.jmeter.JavaVM] JavaVM output: java version "1.8.0_171"
Java(TM) SE Runtime Environment (build 1.8.0_171-b11)
Java HotSpot(TM) 64-Bit Server VM (build 25.171-b11, mixed mode)
[2018-11-21 08:29:22,064 DEBUG Engine.jmeter.TclLibrary] We don't need to check tcl library on this platform
[2018-11-21 08:29:22,065 DEBUG Engine.jmeter.JMeter] Trying jmeter: /Users/rocellajimenez/.bzt/jmeter-taurus/4.0/bin/jmeter.sh
[2018-11-21 08:29:22,065 DEBUG bzt.utils] Executing shell: ['/Users/rocellajimenez/.bzt/jmeter-taurus/4.0/bin/jmeter.sh', '-j', '/var/folders/_7/c5br59cd02v6qkd_sqxjqtl40000gn/T/jmeterfQBsrdlog', '--version'] at .
[2018-11-21 08:29:22,157 DEBUG urllib3.connectionpool] https://n58.network-auth.com:443 "GET /splash/?mac=E0%3ACB%3ABC%3A88%3A68%3AE9&real_ip=172.16.0.102&client_ip=10.97.44.219&client_mac=8C:85:90:BD:2B:94&vap=0&a=7b52009b64fd0a2a49e6d8a939753077792b0554&b=279655&auth_version=5&key=f937bd2ecfa863526dd10902959998f1fd7205a1&acl_ver=P3297249V2&continue_url=http%3A%2F%2Fgettaurus.org%2Fupdates%2F%3Fversion%3D1.13.0%26installID%3Dmacos-8c8590bd2b94 HTTP/1.1" 200 None
[2018-11-21 08:29:22,160 DEBUG Engine] Failed to check for updates: Traceback (most recent call last):
  File "/usr/local/Cellar/bzt/1.13.0/libexec/lib/python2.7/site-packages/bzt/engine.py", line 622, in _check_updates
    data = response.json()
  File "/usr/local/Cellar/bzt/1.13.0/libexec/lib/python2.7/site-packages/requests/models.py", line 896, in json
    return complexjson.loads(self.text, **kwargs)
  File "/usr/local/opt/python@2/Frameworks/Python.framework/Versions/2.7/lib/python2.7/json/__init__.py", line 339, in loads
    return _default_decoder.decode(s)
  File "/usr/local/opt/python@2/Frameworks/Python.framework/Versions/2.7/lib/python2.7/json/decoder.py", line 364, in decode
    obj, end = self.raw_decode(s, idx=_w(s, 0).end())
  File "/usr/local/opt/python@2/Frameworks/Python.framework/Versions/2.7/lib/python2.7/json/decoder.py", line 382, in raw_decode
    raise ValueError("No JSON object could be decoded")
ValueError: No JSON object could be decoded

[2018-11-21 08:29:22,160 WARNING Engine] Failed to check for updates
[2018-11-21 08:29:33,042 DEBUG Engine.jmeter.JMeter] JMeter check:     _    ____   _    ____ _   _ _____       _ __  __ _____ _____ _____ ____     
   / \  |  _ \ / \  / ___| | | | ____|     | |  \/  | ____|_   _| ____|  _ \   
  / _ \ | |_) / _ \| |   | |_| |  _|    _  | | |\/| |  _|   | | |  _| | |_) | 
 / ___ \|  __/ ___ \ |___|  _  | |___  | |_| | |  | | |___  | | | |___|  _ <  
/_/   \_\_| /_/   \_\____|_| |_|_____|  \___/|_|  |_|_____| |_| |_____|_| \_\ 4.0 r1823414  

Copyright (c) 1999-2018 The Apache Software Foundation

 / None
[2018-11-21 08:29:33,043 DEBUG Engine] New artifact filename: /Users/rocellajimenez/Desktop/poc_v2/2018-11-21_08-29-21.827917/requests.jmx
[2018-11-21 08:29:33,044 DEBUG root] Importing module: bzt.jmx.http
[2018-11-21 08:29:33,044 DEBUG root] Loading class: 'HTTPProtocolHandler' from <module 'bzt.jmx.http' from '/usr/local/Cellar/bzt/1.13.0/libexec/lib/python2.7/site-packages/bzt/jmx/http.pyc'>
[2018-11-21 08:29:33,046 DEBUG JMeterScenarioBuilder] Saving JMX to: /Users/rocellajimenez/Desktop/poc_v2/2018-11-21_08-29-21.827917/requests.jmx
[2018-11-21 08:29:33,047 DEBUG Engine.jmeter] Load: LoadSpec(concurrency=5, throughput=None, ramp_up=60.0, hold=90.0, iterations=0, duration=150.0, steps=None)
[2018-11-21 08:29:33,049 DEBUG Engine] New artifact filename: /Users/rocellajimenez/Desktop/poc_v2/2018-11-21_08-29-21.827917/kpi.jtl
[2018-11-21 08:29:33,050 DEBUG Engine] New artifact filename: /Users/rocellajimenez/Desktop/poc_v2/2018-11-21_08-29-21.827917/error.jtl
[2018-11-21 08:29:33,052 DEBUG Engine.jmeter.LoadSettingsProcessor.ThreadGroupHandler] Converting ThreadGroup (simple) to ConcurrencyThreadGroup and apply load parameters
[2018-11-21 08:29:33,052 DEBUG Engine] New artifact filename: /Users/rocellajimenez/Desktop/poc_v2/2018-11-21_08-29-21.827917/modified_requests.jmx
[2018-11-21 08:29:33,052 DEBUG JMX] Saving JMX to: /Users/rocellajimenez/Desktop/poc_v2/2018-11-21_08-29-21.827917/modified_requests.jmx
[2018-11-21 08:29:33,053 DEBUG Engine.jmeter] Additional properties: {'jmeter.save.saveservice.autoflush': u'true', 'jmeter.save.saveservice.connect_time': u'true', 'user.classpath': '/Users/rocellajimenez/Desktop/poc_v2/2018-11-21_08-29-21.827917:/Users/rocellajimenez/Desktop/poc_v2/2018-11-21_08-29-21.827917', 'sampleresult.default.encoding': 'UTF-8', 'summariser.name': u'', 'jmeterengine.force.system.exit': u'true', 'jmeter.save.saveservice.timestamp_format': 'ms', 'jmeterengine.nongui.maxport': 4445, 'jmeterengine.nongui.port': 4445}
[2018-11-21 08:29:33,053 DEBUG Engine] New artifact filename: /Users/rocellajimenez/Desktop/poc_v2/2018-11-21_08-29-21.827917/jmeter-bzt.properties
[2018-11-21 08:29:33,053 DEBUG Engine.jmeter] Additional system properties {'sun.net.inetaddr.ttl': 0}
[2018-11-21 08:29:33,053 DEBUG Engine] New artifact filename: /Users/rocellajimenez/Desktop/poc_v2/2018-11-21_08-29-21.827917/system.properties
[2018-11-21 08:29:33,053 DEBUG Engine.jmeter.JMeter] Passing JVM_ARGS: ''
[2018-11-21 08:29:33,054 DEBUG bzt.utils] Executing shell: ['/Users/rocellajimenez/.bzt/jmeter-taurus/4.0/bin/PluginsManagerCMD.sh', 'install-for-jmx', '/Users/rocellajimenez/Desktop/poc_v2/2018-11-21_08-29-21.827917/modified_requests.jmx'] at .
[2018-11-21 08:29:44,697 DEBUG Engine.jmeter.JMeter] Try to detect plugins for /Users/rocellajimenez/Desktop/poc_v2/2018-11-21_08-29-21.827917/modified_requests.jmx
2018-11-21 08:29:38,720 INFO o.j.r.PluginManagerCMD: Command is: install-for-jmx
2018-11-21 08:29:43,824 INFO o.j.r.JARSourceHTTP: Found cached repo
2018-11-21 08:29:43,969 INFO o.j.r.PluginManager: Plugins Status: [jpgc-functions=2.1, jpgc-casutg=2.5, jpgc-dummy=0.2, jpgc-ffw=2.0, jpgc-fifo=0.2, jpgc-json=2.6, jpgc-prmctl=0.4, jpgc-perfmon=2.1, jpgc-plugins-manager=1.3, jpgc-tst=2.5, jmeter-core=4.0, jmeter-ftp=4.0, jmeter-http=4.0, jmeter-jdbc=4.0, jmeter-jms=4.0, jmeter-junit=4.0, jmeter-java=4.0, jmeter-ldap=4.0, jmeter-mail=4.0, jmeter-mongodb=4.0, jmeter-native=4.0, jmeter-tcp=4.0, jmeter-components=4.0]
2018-11-21 08:29:43,970 INFO o.j.r.PluginManagerCMD: Params line is: /Users/rocellajimenez/Desktop/poc_v2/2018-11-21_08-29-21.827917/modified_requests.jmx
2018-11-21 08:29:44,161 INFO o.a.j.s.SaveService: Testplan (JMX) version: 2.2. Testlog (JTL) version: 2.2
2018-11-21 08:29:44,174 INFO o.a.j.s.SaveService: Using SaveService properties file encoding UTF-8
2018-11-21 08:29:44,177 INFO o.a.j.s.SaveService: Using SaveService properties version 4.0
2018-11-21 08:29:44,208 INFO o.a.j.p.h.c.CacheManager: Will only cache the following methods: [GET]
2018-11-21 08:29:44,211 INFO o.a.j.p.h.c.CookieManager: Settings: Delete null: true Check: true Allow variable: true Save: false Prefix: COOKIE_
2018-11-21 08:29:44,213 WARN o.a.j.u.JMeterUtils: ERROR! Resource string not found: [option]
2018-11-21 08:29:44,213 WARN o.a.j.u.JMeterUtils: ERROR! Resource string not found: [add]
2018-11-21 08:29:44,213 WARN o.a.j.u.JMeterUtils: ERROR! Resource string not found: [add_host]
2018-11-21 08:29:44,214 WARN o.a.j.u.JMeterUtils: ERROR! Resource string not found: [delete]
2018-11-21 08:29:44,214 WARN o.a.j.u.JMeterUtils: ERROR! Resource string not found: [delete_host]
2018-11-21 08:29:44,214 WARN o.a.j.u.JMeterUtils: ERROR! Resource string not found: [use_system_dns_resolver]
2018-11-21 08:29:44,214 WARN o.a.j.u.JMeterUtils: ERROR! Resource string not found: [use_custom_dns_resolver]
2018-11-21 08:29:44,214 WARN o.a.j.u.JMeterUtils: ERROR! Resource string not found: [dns_hostname_or_ip]
2018-11-21 08:29:44,214 WARN o.a.j.u.JMeterUtils: ERROR! Resource string not found: [dns_host]
2018-11-21 08:29:44,214 WARN o.a.j.u.JMeterUtils: ERROR! Resource string not found: [dns_hostname_or_ip]
2018-11-21 08:29:44,247 INFO o.a.j.p.h.s.HTTPSamplerBase: Parser for text/html is org.apache.jmeter.protocol.http.parser.LagartoBasedHtmlParser
2018-11-21 08:29:44,248 INFO o.a.j.p.h.s.HTTPSamplerBase: Parser for application/xhtml+xml is org.apache.jmeter.protocol.http.parser.LagartoBasedHtmlParser
2018-11-21 08:29:44,248 INFO o.a.j.p.h.s.HTTPSamplerBase: Parser for application/xml is org.apache.jmeter.protocol.http.parser.LagartoBasedHtmlParser
2018-11-21 08:29:44,248 INFO o.a.j.p.h.s.HTTPSamplerBase: Parser for text/xml is org.apache.jmeter.protocol.http.parser.LagartoBasedHtmlParser
2018-11-21 08:29:44,248 INFO o.a.j.p.h.s.HTTPSamplerBase: Parser for text/vnd.wap.wml is org.apache.jmeter.protocol.http.parser.RegexpHTMLParser
2018-11-21 08:29:44,248 INFO o.a.j.p.h.s.HTTPSamplerBase: Parser for text/css is org.apache.jmeter.protocol.http.parser.CssParser
2018-11-21 08:29:44,321 INFO o.j.r.PluginManager: Finishing without changes


[2018-11-21 08:29:44,697 DEBUG Engine] New artifact filename: /Users/rocellajimenez/Desktop/poc_v2/2018-11-21_08-29-21.827917/jmeter.out
[2018-11-21 08:29:44,697 DEBUG Engine] New artifact filename: /Users/rocellajimenez/Desktop/poc_v2/2018-11-21_08-29-21.827917/jmeter.err
[2018-11-21 08:29:44,698 DEBUG Engine] Module config: final-stats {'class': u'bzt.modules.reporting.FinalStatus'}
[2018-11-21 08:29:44,699 DEBUG root] Importing module: bzt.modules.reporting
[2018-11-21 08:29:44,708 DEBUG easyprocess] version=0.2.3
[2018-11-21 08:29:44,710 DEBUG pyvirtualdisplay] version=0.2.1
[2018-11-21 08:29:44,711 DEBUG root] Loading class: 'FinalStatus' from <module 'bzt.modules.reporting' from '/usr/local/Cellar/bzt/1.13.0/libexec/lib/python2.7/site-packages/bzt/modules/reporting.pyc'>
[2018-11-21 08:29:44,712 DEBUG Engine] Module config: console {'disable': True, 'class': u'bzt.modules.console.ConsoleStatusReporter'}
[2018-11-21 08:29:44,712 DEBUG root] Importing module: bzt.modules.console
[2018-11-21 08:29:44,712 DEBUG root] Loading class: 'ConsoleStatusReporter' from <module 'bzt.modules.console' from '/usr/local/Cellar/bzt/1.13.0/libexec/lib/python2.7/site-packages/bzt/modules/console.pyc'>
[2018-11-21 08:29:44,714 DEBUG Engine.Configuration] Dumping YAML config into /Users/rocellajimenez/Desktop/poc_v2/2018-11-21_08-29-21.827917/effective.yml
[2018-11-21 08:29:44,738 DEBUG Engine.Configuration] Dumping JSON config into /Users/rocellajimenez/Desktop/poc_v2/2018-11-21_08-29-21.827917/effective.json
[2018-11-21 08:29:44,739 INFO Engine] Starting...
[2018-11-21 08:29:44,739 DEBUG Engine] Startup <bzt.modules.monitoring.Monitoring object at 0x10a617650>
[2018-11-21 08:29:44,739 DEBUG Engine] Startup <bzt.modules.aggregator.ConsolidatingAggregator object at 0x10a635350>
[2018-11-21 08:29:44,739 DEBUG Engine] Startup <bzt.modules.reporting.FinalStatus object at 0x10c184850>
[2018-11-21 08:29:44,739 DEBUG Engine] Startup <bzt.modules.console.ConsoleStatusReporter object at 0x10c2e8990>
[2018-11-21 08:29:44,740 INFO Engine.console] Waiting for results...
[2018-11-21 08:29:44,740 DEBUG Engine] Startup <bzt.modules.reporting.FinalStatus object at 0x10c31a750>
[2018-11-21 08:29:44,740 DEBUG Engine] Startup <bzt.modules.provisioning.Local object at 0x10a5ef650>
[2018-11-21 08:29:44,740 DEBUG Engine.local] Delay setup for None/simple: 0(start-at) + 0(delay) = 0
[2018-11-21 08:29:44,742 DEBUG Engine.Configuration] Dumping YAML config into /Users/rocellajimenez/Desktop/poc_v2/2018-11-21_08-29-21.827917/effective.yml
[2018-11-21 08:29:44,763 DEBUG Engine.Configuration] Dumping JSON config into /Users/rocellajimenez/Desktop/poc_v2/2018-11-21_08-29-21.827917/effective.json
[2018-11-21 08:29:44,765 DEBUG root] Leveling down log file verbosity to INFO, use -v option to have DEBUG messages enabled
[2018-11-21 08:29:44,765 DEBUG root] Leveled up log file verbosity
[2018-11-21 08:29:44,765 DEBUG bzt.utils] Executing shell: ['/Users/rocellajimenez/.bzt/jmeter-taurus/4.0/bin/jmeter.sh', '-n', '-t', '/Users/rocellajimenez/Desktop/poc_v2/2018-11-21_08-29-21.827917/modified_requests.jmx', '-j', '/Users/rocellajimenez/Desktop/poc_v2/2018-11-21_08-29-21.827917/jmeter.log', '-q', '/Users/rocellajimenez/Desktop/poc_v2/2018-11-21_08-29-21.827917/jmeter-bzt.properties', '-S', '/Users/rocellajimenez/Desktop/poc_v2/2018-11-21_08-29-21.827917/system.properties'] at /Users/rocellajimenez/Desktop/poc_v2
[2018-11-21 08:29:44,776 DEBUG root] Leveling down log file verbosity to INFO, use -v option to have DEBUG messages enabled
[2018-11-21 08:30:07,856 INFO Engine.console] Current: 1 vu	1 succ	0 fail	1.035 avg rt	/	Cumulative: 1.035 avg rt, 0% failures
[2018-11-21 08:30:09,859 INFO Engine.console] Current: 1 vu	2 succ	0 fail	0.249 avg rt	/	Cumulative: 0.511 avg rt, 0% failures
[2018-11-21 08:30:11,868 INFO Engine.console] Current: 1 vu	2 succ	0 fail	0.257 avg rt	/	Cumulative: 0.409 avg rt, 0% failures
[2018-11-21 08:30:13,874 INFO Engine.console] Current: 1 vu	2 succ	0 fail	0.246 avg rt	/	Cumulative: 0.363 avg rt, 0% failures
[2018-11-21 08:30:15,874 INFO Engine.console] Current: 1 vu	2 succ	0 fail	0.254 avg rt	/	Cumulative: 0.338 avg rt, 0% failures
[2018-11-21 08:30:18,884 INFO Engine.console] Current: 1 vu	1 succ	0 fail	0.396 avg rt	/	Cumulative: 0.324 avg rt, 0% failures
[2018-11-21 08:30:19,872 INFO Engine.console] Current: 2 vu	2 succ	0 fail	0.365 avg rt	/	Cumulative: 0.330 avg rt, 0% failures
[2018-11-21 08:30:20,887 INFO Engine.console] Current: 2 vu	3 succ	0 fail	0.200 avg rt	/	Cumulative: 0.306 avg rt, 0% failures
[2018-11-21 08:30:21,888 INFO Engine.console] Current: 2 vu	1 succ	0 fail	0.385 avg rt	/	Cumulative: 0.310 avg rt, 0% failures
[2018-11-21 08:30:22,893 INFO Engine.console] Current: 2 vu	2 succ	0 fail	0.289 avg rt	/	Cumulative: 0.308 avg rt, 0% failures
[2018-11-21 08:30:23,894 INFO Engine.console] Current: 2 vu	2 succ	0 fail	0.248 avg rt	/	Cumulative: 0.302 avg rt, 0% failures
[2018-11-21 08:30:24,894 INFO Engine.console] Current: 2 vu	2 succ	0 fail	0.280 avg rt	/	Cumulative: 0.300 avg rt, 0% failures
[2018-11-21 08:30:25,897 INFO Engine.console] Current: 2 vu	2 succ	0 fail	0.270 avg rt	/	Cumulative: 0.298 avg rt, 0% failures
[2018-11-21 08:30:26,900 INFO Engine.console] Current: 2 vu	2 succ	0 fail	0.257 avg rt	/	Cumulative: 0.295 avg rt, 0% failures
[2018-11-21 08:30:27,903 INFO Engine.console] Current: 2 vu	2 succ	0 fail	0.275 avg rt	/	Cumulative: 0.294 avg rt, 0% failures
[2018-11-21 08:30:28,906 INFO Engine.console] Current: 2 vu	2 succ	0 fail	0.263 avg rt	/	Cumulative: 0.292 avg rt, 0% failures
[2018-11-21 08:30:29,909 INFO Engine.console] Current: 2 vu	2 succ	0 fail	0.256 avg rt	/	Cumulative: 0.289 avg rt, 0% failures
[2018-11-21 08:30:30,909 INFO Engine.console] Current: 3 vu	2 succ	0 fail	0.251 avg rt	/	Cumulative: 0.287 avg rt, 0% failures
[2018-11-21 08:30:31,909 INFO Engine.console] Current: 3 vu	3 succ	0 fail	0.377 avg rt	/	Cumulative: 0.294 avg rt, 0% failures
[2018-11-21 08:30:32,914 INFO Engine.console] Current: 3 vu	3 succ	0 fail	0.194 avg rt	/	Cumulative: 0.287 avg rt, 0% failures
[2018-11-21 08:30:33,916 INFO Engine.console] Current: 3 vu	3 succ	0 fail	0.218 avg rt	/	Cumulative: 0.282 avg rt, 0% failures
[2018-11-21 08:30:34,920 INFO Engine.console] Current: 3 vu	3 succ	0 fail	0.329 avg rt	/	Cumulative: 0.285 avg rt, 0% failures
[2018-11-21 08:30:35,922 INFO Engine.console] Current: 3 vu	3 succ	0 fail	0.302 avg rt	/	Cumulative: 0.286 avg rt, 0% failures
[2018-11-21 08:30:36,924 INFO Engine.console] Current: 3 vu	3 succ	0 fail	0.235 avg rt	/	Cumulative: 0.283 avg rt, 0% failures
[2018-11-21 08:30:37,925 INFO Engine.console] Current: 3 vu	3 succ	0 fail	0.297 avg rt	/	Cumulative: 0.284 avg rt, 0% failures
[2018-11-21 08:30:38,913 INFO Engine.console] Current: 3 vu	3 succ	0 fail	0.209 avg rt	/	Cumulative: 0.280 avg rt, 0% failures
[2018-11-21 08:30:39,691 WARNING Engine] Please wait for graceful shutdown...
[2018-11-21 08:30:39,692 DEBUG root] Leveled up log file verbosity
[2018-11-21 08:30:39,692 INFO Engine] Shutting down...
[2018-11-21 08:30:39,692 DEBUG Engine] Current stop reason: 
[2018-11-21 08:30:39,692 DEBUG Engine.local] Shutdown None/simple
[2018-11-21 08:30:39,879 DEBUG Engine.local] Exception in shutdown of JMeterExecutor:  Traceback (most recent call last):
  File "/usr/local/Cellar/bzt/1.13.0/libexec/lib/python2.7/site-packages/bzt/modules/provisioning.py", line 144, in shutdown
    executor.shutdown()
  File "/usr/local/Cellar/bzt/1.13.0/libexec/lib/python2.7/site-packages/bzt/modules/jmeter.py", line 429, in shutdown
    if self._process_stopped(1):
  File "/usr/local/Cellar/bzt/1.13.0/libexec/lib/python2.7/site-packages/bzt/modules/jmeter.py", line 473, in _process_stopped
    time.sleep(self.engine.check_interval)
KeyboardInterrupt

[2018-11-21 08:30:39,879 DEBUG Engine] :
Traceback (most recent call last):
  File "/usr/local/Cellar/bzt/1.13.0/libexec/lib/python2.7/site-packages/bzt/engine.py", line 272, in _shutdown
    module.shutdown()
  File "/usr/local/Cellar/bzt/1.13.0/libexec/lib/python2.7/site-packages/bzt/modules/provisioning.py", line 153, in shutdown
    reraise(exc_info, exc_value)
  File "/usr/local/Cellar/bzt/1.13.0/libexec/lib/python2.7/site-packages/bzt/modules/provisioning.py", line 144, in shutdown
    executor.shutdown()
  File "/usr/local/Cellar/bzt/1.13.0/libexec/lib/python2.7/site-packages/bzt/modules/jmeter.py", line 429, in shutdown
    if self._process_stopped(1):
  File "/usr/local/Cellar/bzt/1.13.0/libexec/lib/python2.7/site-packages/bzt/modules/jmeter.py", line 473, in _process_stopped
    time.sleep(self.engine.check_interval)
KeyboardInterrupt

[2018-11-21 08:30:39,882 DEBUG Engine.Configuration] Dumping YAML config into /Users/rocellajimenez/Desktop/poc_v2/2018-11-21_08-29-21.827917/effective.yml
[2018-11-21 08:30:39,916 DEBUG Engine.Configuration] Dumping JSON config into /Users/rocellajimenez/Desktop/poc_v2/2018-11-21_08-29-21.827917/effective.json
[2018-11-21 08:30:39,917 DEBUG Engine] :
Traceback (most recent call last):
  File "/usr/local/Cellar/bzt/1.13.0/libexec/lib/python2.7/site-packages/bzt/engine.py", line 215, in run
    self._shutdown()
  File "/usr/local/Cellar/bzt/1.13.0/libexec/lib/python2.7/site-packages/bzt/engine.py", line 282, in _shutdown
    reraise(exc_info, exc_value)
  File "/usr/local/Cellar/bzt/1.13.0/libexec/lib/python2.7/site-packages/bzt/engine.py", line 272, in _shutdown
    module.shutdown()
  File "/usr/local/Cellar/bzt/1.13.0/libexec/lib/python2.7/site-packages/bzt/modules/provisioning.py", line 153, in shutdown
    reraise(exc_info, exc_value)
  File "/usr/local/Cellar/bzt/1.13.0/libexec/lib/python2.7/site-packages/bzt/modules/provisioning.py", line 144, in shutdown
    executor.shutdown()
  File "/usr/local/Cellar/bzt/1.13.0/libexec/lib/python2.7/site-packages/bzt/modules/jmeter.py", line 429, in shutdown
    if self._process_stopped(1):
  File "/usr/local/Cellar/bzt/1.13.0/libexec/lib/python2.7/site-packages/bzt/modules/jmeter.py", line 473, in _process_stopped
    time.sleep(self.engine.check_interval)
KeyboardInterrupt

[2018-11-21 08:30:39,917 WARNING root] Keyboard interrupt
[2018-11-21 08:30:39,918 DEBUG root] KeyboardInterrupt: 
Traceback (most recent call last):
  File "/usr/local/Cellar/bzt/1.13.0/libexec/lib/python2.7/site-packages/bzt/cli.py", line 261, in perform
    self.engine.run()
  File "/usr/local/Cellar/bzt/1.13.0/libexec/lib/python2.7/site-packages/bzt/engine.py", line 226, in run
    reraise(exc_info, exc_value)
  File "/usr/local/Cellar/bzt/1.13.0/libexec/lib/python2.7/site-packages/bzt/engine.py", line 206, in run
    self._wait()
  File "/usr/local/Cellar/bzt/1.13.0/libexec/lib/python2.7/site-packages/bzt/engine.py", line 254, in _wait
    time.sleep(delay)
KeyboardInterrupt
[2018-11-21 08:30:39,918 INFO Engine] Post-processing...
[2018-11-21 08:30:39,918 DEBUG Engine.local] Post-process None/simple
[2018-11-21 08:30:39,918 DEBUG Engine] Add existing artifact (move=True): /Users/rocellajimenez/Desktop/poc_v2/2018-11-21_08-29-21.827917/modified_requests.jmx
[2018-11-21 08:30:39,918 DEBUG Engine] No need to copy /Users/rocellajimenez/Desktop/poc_v2/2018-11-21_08-29-21.827917/modified_requests.jmx
[2018-11-21 08:30:39,918 DEBUG Engine.jmeter.JTLErrorsReader.FileReader] File is empty: /Users/rocellajimenez/Desktop/poc_v2/2018-11-21_08-29-21.827917/error.jtl
[2018-11-21 08:30:39,918 DEBUG Engine.jmeter.JTLReader.IncrementalCSVReader.FileReader] Reading: /Users/rocellajimenez/Desktop/poc_v2/2018-11-21_08-29-21.827917/kpi.jtl
[2018-11-21 08:30:39,918 DEBUG Engine.jmeter.JTLReader.IncrementalCSVReader] Read: 2 lines / 235 bytes (at speed 1048576)
[2018-11-21 08:30:39,918 DEBUG Engine.jmeter.JTLReader] Buffer len: 3; Known errors count: 0
[2018-11-21 08:30:39,919 DEBUG Engine.jmeter.JTLReader] Aggregating: 1542807037
[2018-11-21 08:30:39,921 DEBUG Engine.jmeter.JTLReader] Aggregating: 1542807038
[2018-11-21 08:30:39,923 DEBUG Engine.jmeter.JTLReader] Aggregating: 1542807039
[2018-11-21 08:30:39,924 DEBUG Engine.consolidator] Consolidator buffer[5]: [1542807035, 1542807036, 1542807037, 1542807038, 1542807039]
[2018-11-21 08:30:39,925 DEBUG Engine.consolidator] Merging into 1542807035
[2018-11-21 08:30:39,925 DEBUG Engine.consolidator] Merging 1542807035
[2018-11-21 08:30:39,927 DEBUG Engine.consolidator] Processed datapoint: 1542807035/None
[2018-11-21 08:30:39,927 DEBUG Engine.consolidator] Merging into 1542807036
[2018-11-21 08:30:39,927 DEBUG Engine.consolidator] Merging 1542807036
[2018-11-21 08:30:39,930 DEBUG Engine.consolidator] Processed datapoint: 1542807036/None
[2018-11-21 08:30:39,930 DEBUG Engine.consolidator] Merging into 1542807037
[2018-11-21 08:30:39,930 DEBUG Engine.consolidator] Merging 1542807037
[2018-11-21 08:30:39,932 DEBUG Engine.consolidator] Processed datapoint: 1542807037/None
[2018-11-21 08:30:39,932 DEBUG Engine.consolidator] Merging into 1542807038
[2018-11-21 08:30:39,933 DEBUG Engine.consolidator] Merging 1542807038
[2018-11-21 08:30:39,934 DEBUG Engine.consolidator] Processed datapoint: 1542807038/None
[2018-11-21 08:30:39,934 DEBUG Engine.consolidator] Merging into 1542807039
[2018-11-21 08:30:39,934 DEBUG Engine.consolidator] Merging 1542807039
[2018-11-21 08:30:39,936 DEBUG Engine.consolidator] Processed datapoint: 1542807039/None
[2018-11-21 08:30:39,936 INFO Engine.final-stats] Test duration: 0:00:55
[2018-11-21 08:30:39,936 INFO Engine.final-stats] Samples count: 72, 0.00% failures
[2018-11-21 08:30:39,936 INFO Engine.final-stats] Average times: total 0.273, latency 0.009, connect 0.003
[2018-11-21 08:30:39,938 INFO Engine.final-stats] Percentiles:
(0lqqqqqqqqqqqqqqqwqqqqqqqqqqqqqqqk(B
(0x(B Percentile, % (0x(B Resp. Time, s (0x(B
(0tqqqqqqqqqqqqqqqnqqqqqqqqqqqqqqqu(B
(0x(B           0.0 (0x(B         0.099 (0x(B
(0x(B          50.0 (0x(B         0.185 (0x(B
(0x(B          90.0 (0x(B         0.421 (0x(B
(0x(B          95.0 (0x(B         0.469 (0x(B
(0x(B          99.0 (0x(B         0.634 (0x(B
(0x(B          99.9 (0x(B         1.035 (0x(B
(0x(B         100.0 (0x(B         1.035 (0x(B
(0mqqqqqqqqqqqqqqqvqqqqqqqqqqqqqqqj(B
[2018-11-21 08:30:39,939 INFO Engine.final-stats] Request label stats:
(0lqqqqqqqqqqqqqqqqqqqqqqqqqqqqqqqqqqqqwqqqqqqqqwqqqqqqqqqwqqqqqqqqwqqqqqqqk(B
(0x(B label                              (0x(B status (0x(B    succ (0x(B avg_rt (0x(B error (0x(B
(0tqqqqqqqqqqqqqqqqqqqqqqqqqqqqqqqqqqqqnqqqqqqqqnqqqqqqqqqnqqqqqqqqnqqqqqqqu(B
(0x(B http://blazedemo.com/              (0x(B   OK   (0x(B 100.00% (0x(B  0.420 (0x(B       (0x(B
(0x(B http://blazedemo.com/vacation.html (0x(B   OK   (0x(B 100.00% (0x(B  0.127 (0x(B       (0x(B
(0mqqqqqqqqqqqqqqqqqqqqqqqqqqqqqqqqqqqqvqqqqqqqqvqqqqqqqqqvqqqqqqqqvqqqqqqqj(B
[2018-11-21 08:30:39,940 DEBUG Engine.console] No logger_handler or orig_stream was detected
[2018-11-21 08:30:39,940 INFO Engine.final-stats] Test duration: 0:00:55
[2018-11-21 08:30:39,940 INFO Engine.final-stats] Samples count: 72, 0.00% failures
[2018-11-21 08:30:39,940 INFO Engine.final-stats] Average times: total 0.273, latency 0.009, connect 0.003
[2018-11-21 08:30:39,941 INFO Engine.final-stats] Percentiles:
(0lqqqqqqqqqqqqqqqwqqqqqqqqqqqqqqqk(B
(0x(B Percentile, % (0x(B Resp. Time, s (0x(B
(0tqqqqqqqqqqqqqqqnqqqqqqqqqqqqqqqu(B
(0x(B           0.0 (0x(B         0.099 (0x(B
(0x(B          50.0 (0x(B         0.185 (0x(B
(0x(B          90.0 (0x(B         0.421 (0x(B
(0x(B          95.0 (0x(B         0.469 (0x(B
(0x(B          99.0 (0x(B         0.634 (0x(B
(0x(B          99.9 (0x(B         1.035 (0x(B
(0x(B         100.0 (0x(B         1.035 (0x(B
(0mqqqqqqqqqqqqqqqvqqqqqqqqqqqqqqqj(B
[2018-11-21 08:30:39,942 INFO Engine.final-stats] Request label stats:
(0lqqqqqqqqqqqqqqqqqqqqqqqqqqqqqqqqqqqqwqqqqqqqqwqqqqqqqqqwqqqqqqqqwqqqqqqqk(B
(0x(B label                              (0x(B status (0x(B    succ (0x(B avg_rt (0x(B error (0x(B
(0tqqqqqqqqqqqqqqqqqqqqqqqqqqqqqqqqqqqqnqqqqqqqqnqqqqqqqqqnqqqqqqqqnqqqqqqqu(B
(0x(B http://blazedemo.com/              (0x(B   OK   (0x(B 100.00% (0x(B  0.420 (0x(B       (0x(B
(0x(B http://blazedemo.com/vacation.html (0x(B   OK   (0x(B 100.00% (0x(B  0.127 (0x(B       (0x(B
(0mqqqqqqqqqqqqqqqqqqqqqqqqqqqqqqqqqqqqvqqqqqqqqvqqqqqqqqqvqqqqqqqqvqqqqqqqj(B
[2018-11-21 08:30:39,945 DEBUG Engine.Configuration] Dumping YAML config into /Users/rocellajimenez/Desktop/poc_v2/2018-11-21_08-29-21.827917/effective.yml
[2018-11-21 08:30:39,974 DEBUG Engine.Configuration] Dumping JSON config into /Users/rocellajimenez/Desktop/poc_v2/2018-11-21_08-29-21.827917/effective.json
[2018-11-21 08:30:39,975 INFO root] Artifacts dir: /Users/rocellajimenez/Desktop/poc_v2/2018-11-21_08-29-21.827917
[2018-11-21 08:30:39,975 WARNING root] Done performing with code: 1
[2018-11-21 08:30:39,975 DEBUG root] Closing log handler: /Users/rocellajimenez/Desktop/poc_v2/2018-11-21_08-29-21.827917/bzt.log
