2018-11-21 08:27:10,025 INFO o.a.j.u.JMeterUtils: Setting Locale to en_CA
2018-11-21 08:27:10,049 INFO o.a.j.JMeter: Loading user properties from: /Users/rocellajimenez/.bzt/jmeter-taurus/4.0/bin/user.properties
2018-11-21 08:27:10,050 INFO o.a.j.JMeter: Loading system properties from: /Users/rocellajimenez/.bzt/jmeter-taurus/4.0/bin/system.properties
2018-11-21 08:27:10,050 INFO o.a.j.JMeter: Setting System properties from file: /Users/rocellajimenez/Desktop/poc_v2/2018-11-21_08-26-41.131595/system.properties
2018-11-21 08:27:10,054 INFO o.a.j.JMeter: Copyright (c) 1998-2018 The Apache Software Foundation
2018-11-21 08:27:10,055 INFO o.a.j.JMeter: Version 4.0 r1823414
2018-11-21 08:27:10,055 INFO o.a.j.JMeter: java.version=1.8.0_171
2018-11-21 08:27:10,055 INFO o.a.j.JMeter: java.vm.name=Java HotSpot(TM) 64-Bit Server VM
2018-11-21 08:27:10,055 INFO o.a.j.JMeter: os.name=Mac OS X
2018-11-21 08:27:10,055 INFO o.a.j.JMeter: os.arch=x86_64
2018-11-21 08:27:10,055 INFO o.a.j.JMeter: os.version=10.14
2018-11-21 08:27:10,055 INFO o.a.j.JMeter: file.encoding=UTF-8
2018-11-21 08:27:10,055 INFO o.a.j.JMeter: Max memory     =3817865216
2018-11-21 08:27:10,055 INFO o.a.j.JMeter: Available Processors =8
2018-11-21 08:27:10,058 INFO o.a.j.JMeter: Default Locale=English (Canada)
2018-11-21 08:27:10,058 INFO o.a.j.JMeter: JMeter  Locale=English (Canada)
2018-11-21 08:27:10,058 INFO o.a.j.JMeter: JMeterHome=/Users/rocellajimenez/.bzt/jmeter-taurus/4.0
2018-11-21 08:27:10,058 INFO o.a.j.JMeter: user.dir  =/Users/rocellajimenez/Desktop/poc_v2
2018-11-21 08:27:10,059 INFO o.a.j.JMeter: PWD       =/Users/rocellajimenez/Desktop/poc_v2
2018-11-21 08:27:15,063 INFO o.a.j.JMeter: IP: 172.16.0.102 Name: Rocellas-MacBook-Pro.local FullName: 172.16.0.102
2018-11-21 08:27:15,063 INFO o.a.j.JMeter: user.classpath=/Users/rocellajimenez/Desktop/poc_v2/2018-11-21_08-26-41.131595:/Users/rocellajimenez/Desktop/poc_v2/2018-11-21_08-26-41.131595
2018-11-21 08:27:15,063 INFO o.a.j.JMeter: Adding to classpath and loader: /Users/rocellajimenez/Desktop/poc_v2/2018-11-21_08-26-41.131595
2018-11-21 08:27:15,064 INFO o.a.j.JMeter: Adding to classpath and loader: /Users/rocellajimenez/Desktop/poc_v2/2018-11-21_08-26-41.131595
2018-11-21 08:27:15,068 INFO o.a.j.s.FileServer: Default base='/Users/rocellajimenez/Desktop/poc_v2'
2018-11-21 08:27:15,072 INFO o.a.j.s.FileServer: Set new base='/Users/rocellajimenez/Desktop/poc_v2/2018-11-21_08-26-41.131595'
2018-11-21 08:27:15,193 INFO o.a.j.s.SaveService: Testplan (JMX) version: 2.2. Testlog (JTL) version: 2.2
2018-11-21 08:27:15,210 INFO o.a.j.s.SaveService: Using SaveService properties file encoding UTF-8
2018-11-21 08:27:15,214 INFO o.a.j.s.SaveService: Using SaveService properties version 4.0
2018-11-21 08:27:15,220 INFO o.a.j.s.SaveService: Loading file: /Users/rocellajimenez/Desktop/poc_v2/2018-11-21_08-26-41.131595/modified_requests.jmx
2018-11-21 08:27:15,270 INFO o.a.j.p.h.c.CacheManager: Will only cache the following methods: [GET]
2018-11-21 08:27:15,272 INFO o.a.j.p.h.c.CookieManager: Settings: Delete null: true Check: true Allow variable: true Save: false Prefix: COOKIE_
2018-11-21 08:27:15,285 INFO o.a.j.p.h.s.HTTPSamplerBase: Parser for text/html is org.apache.jmeter.protocol.http.parser.LagartoBasedHtmlParser
2018-11-21 08:27:15,285 INFO o.a.j.p.h.s.HTTPSamplerBase: Parser for application/xhtml+xml is org.apache.jmeter.protocol.http.parser.LagartoBasedHtmlParser
2018-11-21 08:27:15,285 INFO o.a.j.p.h.s.HTTPSamplerBase: Parser for application/xml is org.apache.jmeter.protocol.http.parser.LagartoBasedHtmlParser
2018-11-21 08:27:15,285 INFO o.a.j.p.h.s.HTTPSamplerBase: Parser for text/xml is org.apache.jmeter.protocol.http.parser.LagartoBasedHtmlParser
2018-11-21 08:27:15,285 INFO o.a.j.p.h.s.HTTPSamplerBase: Parser for text/vnd.wap.wml is org.apache.jmeter.protocol.http.parser.RegexpHTMLParser
2018-11-21 08:27:15,285 INFO o.a.j.p.h.s.HTTPSamplerBase: Parser for text/css is org.apache.jmeter.protocol.http.parser.CssParser
2018-11-21 08:27:15,306 INFO o.a.j.e.StandardJMeterEngine: Running the test!
2018-11-21 08:27:15,306 INFO o.a.j.s.SampleEvent: List of sample_variables: []
2018-11-21 08:27:15,306 INFO o.a.j.s.SampleEvent: List of sample_variables: []
2018-11-21 08:27:15,310 INFO o.a.j.e.u.CompoundVariable: Note: Function class names must contain the string: '.functions.'
2018-11-21 08:27:15,310 INFO o.a.j.e.u.CompoundVariable: Note: Function class names must not contain the string: '.gui.'
2018-11-21 08:27:15,663 INFO o.a.j.JMeter: Running test (1542806835663)
2018-11-21 08:27:15,716 INFO o.a.j.e.StandardJMeterEngine: Starting ThreadGroup: 1 : simple
2018-11-21 08:27:15,716 INFO o.a.j.e.StandardJMeterEngine: Starting 5 threads for group simple.
2018-11-21 08:27:15,716 INFO o.a.j.e.StandardJMeterEngine: Thread will continue on error
2018-11-21 08:27:15,720 INFO o.a.j.e.StandardJMeterEngine: All thread groups have been started
2018-11-21 08:27:15,720 INFO c.b.j.t.c.ConcurrencyThreadStarter: Start supplying threads
2018-11-21 08:27:21,725 INFO o.a.j.s.SampleResult: Note: Sample TimeStamps are START times
2018-11-21 08:27:21,725 INFO o.a.j.s.SampleResult: sampleresult.default.encoding is set to UTF-8
2018-11-21 08:27:21,725 INFO o.a.j.s.SampleResult: sampleresult.useNanoTime=true
2018-11-21 08:27:21,725 INFO o.a.j.s.SampleResult: sampleresult.nanoThreadSleep=5000
2018-11-21 08:27:21,726 INFO o.a.j.t.JMeterThread: Thread started: simple 1-1
2018-11-21 08:27:22,496 INFO o.a.j.p.h.s.HTTPHCAbstractImpl: Local host = Rocellas-MacBook-Pro.local
2018-11-21 08:27:22,502 INFO o.a.j.p.h.s.HTTPHC4Impl: HTTP request retry count = 0
2018-11-21 08:27:22,612 INFO o.a.j.p.h.s.LazySchemeSocketFactory: Setting up HTTPS TrustAll Socket Factory
2018-11-21 08:27:22,619 INFO o.a.j.u.JsseSSLManager: Using default SSL protocol: TLS
2018-11-21 08:27:22,619 INFO o.a.j.u.JsseSSLManager: SSL session context: per-thread
2018-11-21 08:27:22,759 INFO o.a.j.u.SSLManager: JmeterKeyStore Location:  type JKS
2018-11-21 08:27:22,761 INFO o.a.j.u.SSLManager: KeyStore created OK
2018-11-21 08:27:22,761 WARN o.a.j.u.SSLManager: Keystore file not found, loading empty keystore
2018-11-21 08:27:23,156 INFO o.a.j.p.h.p.BaseParser: Created org.apache.jmeter.protocol.http.parser.LagartoBasedHtmlParser
2018-11-21 08:27:23,240 INFO o.a.j.p.h.s.ResourcesDownloader: Creating ResourcesDownloader with keepalive_inseconds : 60
2018-11-21 08:27:33,747 INFO o.a.j.t.JMeterThread: Thread started: simple 1-2
2018-11-21 08:27:45,772 INFO o.a.j.t.JMeterThread: Thread started: simple 1-3
2018-11-21 08:27:57,798 INFO o.a.j.t.JMeterThread: Thread started: simple 1-4
2018-11-21 08:28:09,810 INFO o.a.j.t.JMeterThread: Thread started: simple 1-5
2018-11-21 08:29:46,004 INFO c.b.j.t.c.ConcurrencyThreadStarter: Done supplying threads
2018-11-21 08:29:46,340 INFO o.a.j.t.JMeterThread: Thread is done: simple 1-3
2018-11-21 08:29:46,340 INFO o.a.j.t.JMeterThread: Thread finished: simple 1-3
2018-11-21 08:29:46,384 INFO o.a.j.t.JMeterThread: Thread is done: simple 1-2
2018-11-21 08:29:46,384 INFO o.a.j.t.JMeterThread: Thread finished: simple 1-2
2018-11-21 08:29:46,511 INFO o.a.j.t.JMeterThread: Thread is done: simple 1-5
2018-11-21 08:29:46,511 INFO o.a.j.t.JMeterThread: Thread finished: simple 1-5
2018-11-21 08:29:46,517 INFO o.a.j.t.JMeterThread: Thread is done: simple 1-4
2018-11-21 08:29:46,517 INFO o.a.j.t.JMeterThread: Thread finished: simple 1-4
2018-11-21 08:29:46,610 INFO o.a.j.t.JMeterThread: Thread is done: simple 1-1
2018-11-21 08:29:46,610 INFO o.a.j.t.JMeterThread: Thread finished: simple 1-1
2018-11-21 08:29:46,610 INFO o.a.j.e.StandardJMeterEngine: Notifying test listeners of end of test
2018-11-21 08:29:46,612 INFO o.a.j.e.StandardJMeterEngine: Forced JVM shutdown requested at end of test
